Using pre-set license
Built from '2021.1/release' branch; Version is '2021.1.1f1 (6fdc41dfa55a) revision 7330881'; Using compiler version '192528614'; Build Type 'Release'
OS: 'Windows 10 Enterprise; OS build 19042.1237; Version 2009; 64bit' Language: 'ko' Physical Memory: 16315 MB
BatchMode: 1, IsHumanControllingUs: 0, StartBugReporterOnCrash: 0, Is64bit: 1, IsPro: 0

 COMMAND LINE ARGUMENTS:
C:\Program Files\Unity 2021.1.1f1\Editor\Unity.exe
-adb2
-batchMode
-noUpm
-name
AssetImportWorker0
-projectPath
D:/000.신민경/졸업작품 프로젝트/Project Summer_Break/S_B Resource/Land_Feature/Grass resorce/Grass_tutorial
-logFile
Logs/AssetImportWorker0.log
-srvPort
10082
Successfully changed project path to: D:/000.신민경/졸업작품 프로젝트/Project Summer_Break/S_B Resource/Land_Feature/Grass resorce/Grass_tutorial
D:/000.신민경/졸업작품 프로젝트/Project Summer_Break/S_B Resource/Land_Feature/Grass resorce/Grass_tutorial
Using Asset Import Pipeline V2.
Refreshing native plugins compatible for Editor in 41.70 ms, found 0 plugins.
Preloading 0 native plugins for Editor in 0.00 ms.
Initialize engine version: 2021.1.1f1 (6fdc41dfa55a)
[Subsystems] Discovering subsystems at path C:/Program Files/Unity 2021.1.1f1/Editor/Data/Resources/UnitySubsystems
[Subsystems] Discovering subsystems at path D:/000.신민경/졸업작품 프로젝트/Project Summer_Break/S_B Resource/Land_Feature/Grass resorce/Grass_tutorial/Assets
GfxDevice: creating device client; threaded=0; jobified=0
Direct3D:
    Version:  Direct3D 11.0 [level 11.1]
    Renderer: NVIDIA GeForce GTX 1650 (ID=0x1f82)
    Vendor:   NVIDIA
    VRAM:     3962 MB
    Driver:   27.21.14.5671
Shader 'Universal Render Pipeline/Particles/Lit': fallback shader 'Universal Render Pipeline/Particles/SimpleLit' not found
Initialize mono
Mono path[0] = 'C:/Program Files/Unity 2021.1.1f1/Editor/Data/Managed'
Mono path[1] = 'C:/Program Files/Unity 2021.1.1f1/Editor/Data/MonoBleedingEdge/lib/mono/unityjit'
Mono config path = 'C:/Program Files/Unity 2021.1.1f1/Editor/Data/MonoBleedingEdge/etc'
Using monoOptions --debugger-agent=transport=dt_socket,embedding=1,server=y,suspend=n,address=127.0.0.1:56388
Begin MonoManager ReloadAssembly
Registering precompiled unity dll's ...
Register platform support module: C:/Program Files/Unity 2021.1.1f1/Editor/Data/PlaybackEngines/WindowsStandaloneSupport/UnityEditor.WindowsStandalone.Extensions.dll
Registered in 0.094306 seconds.
Native extension for WindowsStandalone target not found
Refreshing native plugins compatible for Editor in 42.50 ms, found 0 plugins.
Preloading 0 native plugins for Editor in 0.00 ms.
Mono: successfully reloaded assembly
- Completed reload, in  3.391 seconds
Platform modules already initialized, skipping
Registering precompiled user dll's ...
Registered in 0.032717 seconds.
Begin MonoManager ReloadAssembly
Native extension for WindowsStandalone target not found
Refreshing native plugins compatible for Editor in 44.32 ms, found 0 plugins.
Preloading 0 native plugins for Editor in 0.00 ms.
Mono: successfully reloaded assembly
- Completed reload, in  2.744 seconds
Platform modules already initialized, skipping
========================================================================
Worker process is ready to serve import requests
Shader 'Universal Render Pipeline/Particles/Lit': fallback shader 'Universal Render Pipeline/Particles/SimpleLit' not found
Launched and connected shader compiler UnityShaderCompiler.exe after 0.07 seconds
Refreshing native plugins compatible for Editor in 0.51 ms, found 0 plugins.
Preloading 0 native plugins for Editor in 0.00 ms.
Unloading 2649 Unused Serialized files (Serialized files now loaded: 0)
System memory in use before: 156.0 MB.
System memory in use after: 156.1 MB.

Unloading 21 unused Assets to reduce memory usage. Loaded Objects now: 3135.
Total: 2.740000 ms (FindLiveObjects: 0.307500 ms CreateObjectMapping: 0.081100 ms MarkObjects: 2.204700 ms  DeleteObjects: 0.145700 ms)

========================================================================
Received Import Request.
  path: Assets/Prefabs/Grass/Grass_Cave.prefab
  artifactKey: Guid(4729c93b11736434ab1d1b736e3235e2) Importer(815301076,1909f56bfc062723c751e8b465ee728b)
Start importing Assets/Prefabs/Grass/Grass_Cave.prefab using Guid(4729c93b11736434ab1d1b736e3235e2) Importer(815301076,1909f56bfc062723c751e8b465ee728b)  -> (artifact id: 'cbb87ea25243971f45aa96949995ac4c') in 0.219135 seconds 
========================================================================
Received Import Request.
  Time since last request: 320.438537 seconds.
  path: Assets/Models/Grass/Grass_LowPoly.fbx
  artifactKey: Guid(11a137d3eda13e74d924bbd3196b4f78) Importer(815301076,1909f56bfc062723c751e8b465ee728b)
Start importing Assets/Models/Grass/Grass_LowPoly.fbx using Guid(11a137d3eda13e74d924bbd3196b4f78) Importer(815301076,1909f56bfc062723c751e8b465ee728b)  -> (artifact id: '137d0e3e6278e66834f8ecf1b6447222') in 0.087085 seconds 
========================================================================
Received Import Request.
  Time since last request: 62.719145 seconds.
  path: Assets/Models/Grass/Grass_LowPoly.fbx
  artifactKey: Guid(11a137d3eda13e74d924bbd3196b4f78) Importer(815301076,1909f56bfc062723c751e8b465ee728b)
Start importing Assets/Models/Grass/Grass_LowPoly.fbx using Guid(11a137d3eda13e74d924bbd3196b4f78) Importer(815301076,1909f56bfc062723c751e8b465ee728b)  -> (artifact id: 'abdc54018e871ee3036025a1b2dc7ad9') in 0.050804 seconds 
========================================================================
Received Import Request.
  Time since last request: 380.800934 seconds.
  path: Assets/Models/Grass/Grass_LowPoly.fbx
  artifactKey: Guid(11a137d3eda13e74d924bbd3196b4f78) Importer(815301076,1909f56bfc062723c751e8b465ee728b)
Start importing Assets/Models/Grass/Grass_LowPoly.fbx using Guid(11a137d3eda13e74d924bbd3196b4f78) Importer(815301076,1909f56bfc062723c751e8b465ee728b)  -> (artifact id: 'd1d2c1c6e0a9149abc2bb98cabff93a4') in 0.039465 seconds 
========================================================================
Received Import Request.
  Time since last request: 953.385002 seconds.
  path: Assets/Models/Rock/Rock01.fbx
  artifactKey: Guid(ad8b49151197a35438b156f4ab2f01b3) Importer(815301076,1909f56bfc062723c751e8b465ee728b)
Start importing Assets/Models/Rock/Rock01.fbx using Guid(ad8b49151197a35438b156f4ab2f01b3) Importer(815301076,1909f56bfc062723c751e8b465ee728b)  -> (artifact id: '0bd123487ad54cafdc2a9d7f129c6b6b') in 0.031559 seconds 
========================================================================
Received Import Request.
  Time since last request: 0.000196 seconds.
  path: Assets/Models/Rock/Rock05.fbx
  artifactKey: Guid(f9a67d2ce29433d439d128357f1e628e) Importer(815301076,1909f56bfc062723c751e8b465ee728b)
Start importing Assets/Models/Rock/Rock05.fbx using Guid(f9a67d2ce29433d439d128357f1e628e) Importer(815301076,1909f56bfc062723c751e8b465ee728b)  -> (artifact id: '7834a45c4483590d03cf7910dc9b0551') in 0.035922 seconds 
========================================================================
Received Import Request.
  Time since last request: 0.000147 seconds.
  path: Assets/Models/Rock/Rock04.fbx
  artifactKey: Guid(c021df711fc41db4ebde8ffc1e7bfd34) Importer(815301076,1909f56bfc062723c751e8b465ee728b)
Start importing Assets/Models/Rock/Rock04.fbx using Guid(c021df711fc41db4ebde8ffc1e7bfd34) Importer(815301076,1909f56bfc062723c751e8b465ee728b)  -> (artifact id: 'f0eb2d416e9306873984179998badc2d') in 0.039877 seconds 
========================================================================
Received Import Request.
  Time since last request: 0.000146 seconds.
  path: Assets/Models/Rock/Rock03.fbx
  artifactKey: Guid(ac08573558dc1854d8d81b13c55b39d3) Importer(815301076,1909f56bfc062723c751e8b465ee728b)
Start importing Assets/Models/Rock/Rock03.fbx using Guid(ac08573558dc1854d8d81b13c55b39d3) Importer(815301076,1909f56bfc062723c751e8b465ee728b)  -> (artifact id: '084547245ee0ccf9987c0f6e36f679db') in 0.032798 seconds 
========================================================================
Received Import Request.
  Time since last request: 0.000197 seconds.
  path: Assets/Models/Rock/Rock02.fbx
  artifactKey: Guid(0aaeed06f82ba3f41b4ea8d11ac9563a) Importer(815301076,1909f56bfc062723c751e8b465ee728b)
Start importing Assets/Models/Rock/Rock02.fbx using Guid(0aaeed06f82ba3f41b4ea8d11ac9563a) Importer(815301076,1909f56bfc062723c751e8b465ee728b)  -> (artifact id: 'd1da6ec5629e0db13b2719972c714018') in 0.061204 seconds 
========================================================================
Received Import Request.
  Time since last request: 0.000151 seconds.
  path: Assets/Models/Rock/Rock06.fbx
  artifactKey: Guid(aa836af7942566245adb0eb34cd97c09) Importer(815301076,1909f56bfc062723c751e8b465ee728b)
Start importing Assets/Models/Rock/Rock06.fbx using Guid(aa836af7942566245adb0eb34cd97c09) Importer(815301076,1909f56bfc062723c751e8b465ee728b)  -> (artifact id: 'd7ec427178b4c5ecbd32fe49d8796e44') in 0.017121 seconds 
========================================================================
Received Import Request.
  Time since last request: 54.843787 seconds.
  path: Assets/Prefabs/Rock/Rock01.prefab
  artifactKey: Guid(dc87d0823e8f2af4bba013654d22c668) Importer(815301076,1909f56bfc062723c751e8b465ee728b)
Start importing Assets/Prefabs/Rock/Rock01.prefab using Guid(dc87d0823e8f2af4bba013654d22c668) Importer(815301076,1909f56bfc062723c751e8b465ee728b)  -> (artifact id: '861e04f97af102fd001740ec595071ff') in 0.045456 seconds 
========================================================================
Received Import Request.
  Time since last request: 2.106148 seconds.
  path: Assets/Prefabs/Rock/Rock02.prefab
  artifactKey: Guid(f469c595a0fcf4b40b3bd0adecf82c16) Importer(815301076,1909f56bfc062723c751e8b465ee728b)
Start importing Assets/Prefabs/Rock/Rock02.prefab using Guid(f469c595a0fcf4b40b3bd0adecf82c16) Importer(815301076,1909f56bfc062723c751e8b465ee728b)  -> (artifact id: '5eeaac69a2e8fac318d011fc06031cca') in 0.044717 seconds 
========================================================================
Received Import Request.
  Time since last request: 1.988205 seconds.
  path: Assets/Prefabs/Rock/Rock03.prefab
  artifactKey: Guid(513ce93a0ba616040b3aae8086a138c5) Importer(815301076,1909f56bfc062723c751e8b465ee728b)
Start importing Assets/Prefabs/Rock/Rock03.prefab using Guid(513ce93a0ba616040b3aae8086a138c5) Importer(815301076,1909f56bfc062723c751e8b465ee728b)  -> (artifact id: '4c464ca25839615144bc4799c9484e17') in 0.012520 seconds 
========================================================================
Received Import Request.
  Time since last request: 2.297562 seconds.
  path: Assets/Prefabs/Rock/Rock04.prefab
  artifactKey: Guid(922363a7a0c72c44284318cbbdb68775) Importer(815301076,1909f56bfc062723c751e8b465ee728b)
Start importing Assets/Prefabs/Rock/Rock04.prefab using Guid(922363a7a0c72c44284318cbbdb68775) Importer(815301076,1909f56bfc062723c751e8b465ee728b)  -> (artifact id: '254f0eef258d6cb9bd40df4a4619af49') in 0.026236 seconds 
========================================================================
Received Import Request.
  Time since last request: 2.403538 seconds.
  path: Assets/Prefabs/Rock/Rock05.prefab
  artifactKey: Guid(8de00bfd6fb5ae64b94fd57dff0cabcf) Importer(815301076,1909f56bfc062723c751e8b465ee728b)
Start importing Assets/Prefabs/Rock/Rock05.prefab using Guid(8de00bfd6fb5ae64b94fd57dff0cabcf) Importer(815301076,1909f56bfc062723c751e8b465ee728b)  -> (artifact id: '9c19c3949e6ae66d74c0d2babd7f9014') in 0.015797 seconds 
========================================================================
Received Import Request.
  Time since last request: 2.458347 seconds.
  path: Assets/Prefabs/Rock/Rock06.prefab
  artifactKey: Guid(42064695c9d654f4db05f8c3b37abf26) Importer(815301076,1909f56bfc062723c751e8b465ee728b)
Start importing Assets/Prefabs/Rock/Rock06.prefab using Guid(42064695c9d654f4db05f8c3b37abf26) Importer(815301076,1909f56bfc062723c751e8b465ee728b)  -> (artifact id: '553effec41c59b55a8f2124c74879263') in 0.018614 seconds 
========================================================================
Received Import Request.
  Time since last request: 40.180011 seconds.
  path: Assets/Prefabs/Grass/Grass_LowPoly.prefab
  artifactKey: Guid(7d242a72ae27d2947a434d01bca1157e) Importer(815301076,1909f56bfc062723c751e8b465ee728b)
Start importing Assets/Prefabs/Grass/Grass_LowPoly.prefab using Guid(7d242a72ae27d2947a434d01bca1157e) Importer(815301076,1909f56bfc062723c751e8b465ee728b)  -> (artifact id: '8f7a06554b407b40e1dfa6137213fce8') in 0.013626 seconds 
========================================================================
Received Import Request.
  Time since last request: 1.758890 seconds.
  path: Assets/Prefabs/Grass/Grass_LowPoly (1).prefab
  artifactKey: Guid(54fc9cd7b1453f248af991de2d192c1b) Importer(815301076,1909f56bfc062723c751e8b465ee728b)
Start importing Assets/Prefabs/Grass/Grass_LowPoly (1).prefab using Guid(54fc9cd7b1453f248af991de2d192c1b) Importer(815301076,1909f56bfc062723c751e8b465ee728b)  -> (artifact id: '38db7f1a5fe0acebd161936ed29447bf') in 0.011931 seconds 
========================================================================
Received Import Request.
  Time since last request: 1.221113 seconds.
  path: Assets/Prefabs/Grass/Grass_LowPoly (2).prefab
  artifactKey: Guid(0ca1fe993f9d0dc43a043a00d41c6c95) Importer(815301076,1909f56bfc062723c751e8b465ee728b)
Start importing Assets/Prefabs/Grass/Grass_LowPoly (2).prefab using Guid(0ca1fe993f9d0dc43a043a00d41c6c95) Importer(815301076,1909f56bfc062723c751e8b465ee728b)  -> (artifact id: 'bbcd045216721a8545e32fef5252f36d') in 0.016878 seconds 
========================================================================
Received Import Request.
  Time since last request: 2.095621 seconds.
  path: Assets/Prefabs/Grass/Grass_LowPoly (3).prefab
  artifactKey: Guid(bc6fc8b86ce024646bac92b37af8a864) Importer(815301076,1909f56bfc062723c751e8b465ee728b)
Start importing Assets/Prefabs/Grass/Grass_LowPoly (3).prefab using Guid(bc6fc8b86ce024646bac92b37af8a864) Importer(815301076,1909f56bfc062723c751e8b465ee728b)  -> (artifact id: 'cf1ff98738326100e0a3e9a7a1c7c0ff') in 0.028111 seconds 
========================================================================
Received Import Request.
  Time since last request: 7.468736 seconds.
  path: Assets/Prefabs/Grass/Grass_Cave.prefab
  artifactKey: Guid(54fc9cd7b1453f248af991de2d192c1b) Importer(815301076,1909f56bfc062723c751e8b465ee728b)
Start importing Assets/Prefabs/Grass/Grass_Cave.prefab using Guid(54fc9cd7b1453f248af991de2d192c1b) Importer(815301076,1909f56bfc062723c751e8b465ee728b)  -> (artifact id: '7a91aa86655214d2299b0993e6c585aa') in 0.037931 seconds 
========================================================================
Received Import Request.
  Time since last request: 8.010932 seconds.
  path: Assets/Prefabs/Grass/Grass_Lagoon.prefab
  artifactKey: Guid(0ca1fe993f9d0dc43a043a00d41c6c95) Importer(815301076,1909f56bfc062723c751e8b465ee728b)
Start importing Assets/Prefabs/Grass/Grass_Lagoon.prefab using Guid(0ca1fe993f9d0dc43a043a00d41c6c95) Importer(815301076,1909f56bfc062723c751e8b465ee728b)  -> (artifact id: '22408556c28de1ff3dc8bfefb270cd00') in 0.033455 seconds 
========================================================================
Received Import Request.
  Time since last request: 15.326193 seconds.
  path: Assets/Prefabs/Grass/Grass_Peak.prefab
  artifactKey: Guid(bc6fc8b86ce024646bac92b37af8a864) Importer(815301076,1909f56bfc062723c751e8b465ee728b)
Start importing Assets/Prefabs/Grass/Grass_Peak.prefab using Guid(bc6fc8b86ce024646bac92b37af8a864) Importer(815301076,1909f56bfc062723c751e8b465ee728b)  -> (artifact id: '04e9e4295ac261cbae121548c33c2a35') in 0.036433 seconds 
========================================================================
Received Import Request.
  Time since last request: 12.242972 seconds.
  path: Assets/Prefabs/Grass/Grass_Forest.prefab
  artifactKey: Guid(7d242a72ae27d2947a434d01bca1157e) Importer(815301076,1909f56bfc062723c751e8b465ee728b)
Start importing Assets/Prefabs/Grass/Grass_Forest.prefab using Guid(7d242a72ae27d2947a434d01bca1157e) Importer(815301076,1909f56bfc062723c751e8b465ee728b)  -> (artifact id: '186d4a539faf7d5a8d8ae6bab24b1826') in 0.029481 seconds 
========================================================================
Received Import Request.
  Time since last request: 447.304703 seconds.
  path: Assets/Meterial/GRASS/GRASS_Cave 1.mat
  artifactKey: Guid(a53df4985defb504a86c32de8e035ecd) Importer(815301076,1909f56bfc062723c751e8b465ee728b)
Start importing Assets/Meterial/GRASS/GRASS_Cave 1.mat using Guid(a53df4985defb504a86c32de8e035ecd) Importer(815301076,1909f56bfc062723c751e8b465ee728b)  -> (artifact id: '7815a17c97fbd72de4ed554b5f7dd50b') in 0.021279 seconds 
========================================================================
Received Import Request.
  Time since last request: 0.000187 seconds.
  path: Assets/Meterial/GRASS/GRASS_Forest 1.mat
  artifactKey: Guid(90abc5e1ec0cd1b4b98198964204d740) Importer(815301076,1909f56bfc062723c751e8b465ee728b)
Start importing Assets/Meterial/GRASS/GRASS_Forest 1.mat using Guid(90abc5e1ec0cd1b4b98198964204d740) Importer(815301076,1909f56bfc062723c751e8b465ee728b)  -> (artifact id: 'a14d893e73fb2f1785fc14063a80a137') in 0.019822 seconds 
========================================================================
Received Import Request.
  Time since last request: 0.000175 seconds.
  path: Assets/Meterial/GRASS/GRASS_Lagoon 1.mat
  artifactKey: Guid(24e03d0424a0f55408b28bd50f668b43) Importer(815301076,1909f56bfc062723c751e8b465ee728b)
Start importing Assets/Meterial/GRASS/GRASS_Lagoon 1.mat using Guid(24e03d0424a0f55408b28bd50f668b43) Importer(815301076,1909f56bfc062723c751e8b465ee728b)  -> (artifact id: '01431c96af4c5fb0a38289ed81cc4008') in 0.028865 seconds 
========================================================================
Received Import Request.
  Time since last request: 86.205525 seconds.
  path: Assets/Meterial/GRASS/GRASS_Cave_LOD0.mat
  artifactKey: Guid(d5fcb0dcd4b36f34fb965c8f835b55ab) Importer(815301076,1909f56bfc062723c751e8b465ee728b)
Start importing Assets/Meterial/GRASS/GRASS_Cave_LOD0.mat using Guid(d5fcb0dcd4b36f34fb965c8f835b55ab) Importer(815301076,1909f56bfc062723c751e8b465ee728b)  -> (artifact id: '7f23e37620b3c21e6d940c678e17f626') in 0.013924 seconds 
========================================================================
Received Import Request.
  Time since last request: 0.000222 seconds.
  path: Assets/Meterial/GRASS/GRASS_Forest_LOD0.mat
  artifactKey: Guid(131c190587e19a64e8d6240a659d58b0) Importer(815301076,1909f56bfc062723c751e8b465ee728b)
Start importing Assets/Meterial/GRASS/GRASS_Forest_LOD0.mat using Guid(131c190587e19a64e8d6240a659d58b0) Importer(815301076,1909f56bfc062723c751e8b465ee728b)  -> (artifact id: '14ec75cd643b7fcc7512ae1747c61aca') in 0.012449 seconds 
========================================================================
Received Import Request.
  Time since last request: 0.000214 seconds.
  path: Assets/Meterial/GRASS/GRASS_Peak_LOD1.mat
  artifactKey: Guid(fa48992fa8c7fe34e8e7b4acb6b29074) Importer(815301076,1909f56bfc062723c751e8b465ee728b)
Start importing Assets/Meterial/GRASS/GRASS_Peak_LOD1.mat using Guid(fa48992fa8c7fe34e8e7b4acb6b29074) Importer(815301076,1909f56bfc062723c751e8b465ee728b)  -> (artifact id: 'f731d6a76aee874d90ba16116b44ff7f') in 0.014852 seconds 
========================================================================
Received Import Request.
  Time since last request: 0.000193 seconds.
  path: Assets/Meterial/GRASS/GRASS_Peak_LOD0.mat
  artifactKey: Guid(062ecf0d305a24e4f930af4b7049d02c) Importer(815301076,1909f56bfc062723c751e8b465ee728b)
Start importing Assets/Meterial/GRASS/GRASS_Peak_LOD0.mat using Guid(062ecf0d305a24e4f930af4b7049d02c) Importer(815301076,1909f56bfc062723c751e8b465ee728b)  -> (artifact id: '633994f702bcf39376581a63c3425b5f') in 0.009405 seconds 
========================================================================
Received Import Request.
  Time since last request: 0.000171 seconds.
  path: Assets/Meterial/GRASS/GRASS_Cave_LOD1.mat
  artifactKey: Guid(a53df4985defb504a86c32de8e035ecd) Importer(815301076,1909f56bfc062723c751e8b465ee728b)
Start importing Assets/Meterial/GRASS/GRASS_Cave_LOD1.mat using Guid(a53df4985defb504a86c32de8e035ecd) Importer(815301076,1909f56bfc062723c751e8b465ee728b)  -> (artifact id: '52abd3ff7de7739e900147dd7f67978f') in 0.010142 seconds 
========================================================================
Received Import Request.
  Time since last request: 0.000153 seconds.
  path: Assets/Meterial/GRASS/New Material.mat
  artifactKey: Guid(78ebd4383ce8ebf418bc515517064a4a) Importer(815301076,1909f56bfc062723c751e8b465ee728b)
Start importing Assets/Meterial/GRASS/New Material.mat using Guid(78ebd4383ce8ebf418bc515517064a4a) Importer(815301076,1909f56bfc062723c751e8b465ee728b)  -> (artifact id: '55155304ab6360222b7cae48cc039ba7') in 0.010141 seconds 
========================================================================
Received Import Request.
  Time since last request: 0.000182 seconds.
  path: Assets/Meterial/GRASS/GRASS_Forest_LOD1.mat
  artifactKey: Guid(90abc5e1ec0cd1b4b98198964204d740) Importer(815301076,1909f56bfc062723c751e8b465ee728b)
Start importing Assets/Meterial/GRASS/GRASS_Forest_LOD1.mat using Guid(90abc5e1ec0cd1b4b98198964204d740) Importer(815301076,1909f56bfc062723c751e8b465ee728b)  -> (artifact id: '0b28bb5e2493f91c32dae51ec5c8f3b0') in 0.009571 seconds 
========================================================================
Received Import Request.
  Time since last request: 0.000169 seconds.
  path: Assets/Meterial/GRASS/GRASS_Lagoon_LOD0.mat
  artifactKey: Guid(471fc4ccdffd1bd498d3c6f995cbd679) Importer(815301076,1909f56bfc062723c751e8b465ee728b)
Start importing Assets/Meterial/GRASS/GRASS_Lagoon_LOD0.mat using Guid(471fc4ccdffd1bd498d3c6f995cbd679) Importer(815301076,1909f56bfc062723c751e8b465ee728b)  -> (artifact id: '6d858cf2479d6fd3652789aa450551fc') in 0.010611 seconds 
========================================================================
Received Import Request.
  Time since last request: 0.000193 seconds.
  path: Assets/Meterial/GRASS/GRASS_Lagoon_LOD1.mat
  artifactKey: Guid(24e03d0424a0f55408b28bd50f668b43) Importer(815301076,1909f56bfc062723c751e8b465ee728b)
Start importing Assets/Meterial/GRASS/GRASS_Lagoon_LOD1.mat using Guid(24e03d0424a0f55408b28bd50f668b43) Importer(815301076,1909f56bfc062723c751e8b465ee728b)  -> (artifact id: '08ced89b946ef874c1273e7b5ff8eef8') in 0.011166 seconds 
========================================================================
Received Import Request.
  Time since last request: 203.438182 seconds.
  path: Assets/Shader/TriplanerShader.shadergraph
  artifactKey: Guid(78720d063eda8e743807206fe7117c1a) Importer(815301076,1909f56bfc062723c751e8b465ee728b)
Start importing Assets/Shader/TriplanerShader.shadergraph using Guid(78720d063eda8e743807206fe7117c1a) Importer(815301076,1909f56bfc062723c751e8b465ee728b)  -> (artifact id: '32bbf11d11e78ebf8421d36dc7b8f9d4') in 0.010054 seconds 
========================================================================
Received Import Request.
  Time since last request: 458.172780 seconds.
  path: Assets/Prefabs/Grass/Grass_Cave.prefab
  artifactKey: Guid(54fc9cd7b1453f248af991de2d192c1b) Importer(815301076,1909f56bfc062723c751e8b465ee728b)
Start importing Assets/Prefabs/Grass/Grass_Cave.prefab using Guid(54fc9cd7b1453f248af991de2d192c1b) Importer(815301076,1909f56bfc062723c751e8b465ee728b)  -> (artifact id: 'c6e820bc5f6a7a857829659ce16d4a48') in 0.017252 seconds 
========================================================================
Received Import Request.
  Time since last request: 4.332007 seconds.
  path: Assets/Prefabs/Grass/Grass_Forest.prefab
  artifactKey: Guid(7d242a72ae27d2947a434d01bca1157e) Importer(815301076,1909f56bfc062723c751e8b465ee728b)
Start importing Assets/Prefabs/Grass/Grass_Forest.prefab using Guid(7d242a72ae27d2947a434d01bca1157e) Importer(815301076,1909f56bfc062723c751e8b465ee728b)  -> (artifact id: '1d3d48935bab8016a0efda05b3307112') in 0.024559 seconds 
========================================================================
Received Import Request.
  Time since last request: 4.120625 seconds.
  path: Assets/Prefabs/Grass/Grass_Lagoon.prefab
  artifactKey: Guid(0ca1fe993f9d0dc43a043a00d41c6c95) Importer(815301076,1909f56bfc062723c751e8b465ee728b)
Start importing Assets/Prefabs/Grass/Grass_Lagoon.prefab using Guid(0ca1fe993f9d0dc43a043a00d41c6c95) Importer(815301076,1909f56bfc062723c751e8b465ee728b)  -> (artifact id: '609a234f280518b65865431866062ab9') in 0.023499 seconds 
========================================================================
Received Import Request.
  Time since last request: 4.861900 seconds.
  path: Assets/Prefabs/Grass/Grass_Peak.prefab
  artifactKey: Guid(bc6fc8b86ce024646bac92b37af8a864) Importer(815301076,1909f56bfc062723c751e8b465ee728b)
Start importing Assets/Prefabs/Grass/Grass_Peak.prefab using Guid(bc6fc8b86ce024646bac92b37af8a864) Importer(815301076,1909f56bfc062723c751e8b465ee728b)  -> (artifact id: 'f6475794308b2567cf137e347fc98f06') in 0.011708 seconds 
========================================================================
Received Import Request.
  Time since last request: 142.926772 seconds.
  path: Assets/Prefabs/Grass/Grass_Cave.prefab
  artifactKey: Guid(54fc9cd7b1453f248af991de2d192c1b) Importer(815301076,1909f56bfc062723c751e8b465ee728b)
Start importing Assets/Prefabs/Grass/Grass_Cave.prefab using Guid(54fc9cd7b1453f248af991de2d192c1b) Importer(815301076,1909f56bfc062723c751e8b465ee728b)  -> (artifact id: '0cf6f632c617db293768a9847c4d7ca2') in 0.030941 seconds 
========================================================================
Received Import Request.
  Time since last request: 38.735678 seconds.
  path: Assets/Prefabs/Grass/Grass_Forest.prefab
  artifactKey: Guid(7d242a72ae27d2947a434d01bca1157e) Importer(815301076,1909f56bfc062723c751e8b465ee728b)
Start importing Assets/Prefabs/Grass/Grass_Forest.prefab using Guid(7d242a72ae27d2947a434d01bca1157e) Importer(815301076,1909f56bfc062723c751e8b465ee728b)  -> (artifact id: '672c6d1200b62f9c9f71c76357ef0829') in 0.012260 seconds 
========================================================================
Received Import Request.
  Time since last request: 6.419638 seconds.
  path: Assets/Prefabs/Grass/Grass_Lagoon.prefab
  artifactKey: Guid(0ca1fe993f9d0dc43a043a00d41c6c95) Importer(815301076,1909f56bfc062723c751e8b465ee728b)
Start importing Assets/Prefabs/Grass/Grass_Lagoon.prefab using Guid(0ca1fe993f9d0dc43a043a00d41c6c95) Importer(815301076,1909f56bfc062723c751e8b465ee728b)  -> (artifact id: '3ff24fd303e24aa87291eb8a2d8fb6af') in 0.009404 seconds 
========================================================================
Received Import Request.
  Time since last request: 2.502975 seconds.
  path: Assets/Prefabs/Grass/Grass_Peak.prefab
  artifactKey: Guid(bc6fc8b86ce024646bac92b37af8a864) Importer(815301076,1909f56bfc062723c751e8b465ee728b)
Start importing Assets/Prefabs/Grass/Grass_Peak.prefab using Guid(bc6fc8b86ce024646bac92b37af8a864) Importer(815301076,1909f56bfc062723c751e8b465ee728b)  -> (artifact id: 'a755fb7a17dd3dfcce9306d107adaa28') in 0.017326 seconds 
========================================================================
Received Import Request.
  Time since last request: 282.884234 seconds.
  path: Assets/Models/Tree/BallTree02.fbx
  artifactKey: Guid(2eb86cc378d64e1478b3c4ea0c6e0867) Importer(815301076,1909f56bfc062723c751e8b465ee728b)
Start importing Assets/Models/Tree/BallTree02.fbx using Guid(2eb86cc378d64e1478b3c4ea0c6e0867) Importer(815301076,1909f56bfc062723c751e8b465ee728b)  -> (artifact id: 'c08183d76a9f900e4eded93020418bbe') in 0.085440 seconds 
AssetImportWorkerClient::OnTransportError - code=2 error=End of file
