Using pre-set license
Built from '2021.1/release' branch; Version is '2021.1.1f1 (6fdc41dfa55a) revision 7330881'; Using compiler version '192528614'; Build Type 'Release'
OS: 'Windows 10 Pro; OS build 19042.867; Version 2009; 64bit' Language: 'ko' Physical Memory: 16322 MB
BatchMode: 1, IsHumanControllingUs: 0, StartBugReporterOnCrash: 0, Is64bit: 1, IsPro: 0

 COMMAND LINE ARGUMENTS:
C:\Program Files\Unity\Hub\Editor\2021.1.1f1\Editor\Unity.exe
-adb2
-batchMode
-noUpm
-name
AssetImportWorker0
-projectPath
C:/Users/user/Desktop/Project_SummerBreak
-logFile
Logs/AssetImportWorker0.log
-srvPort
12699
Successfully changed project path to: C:/Users/user/Desktop/Project_SummerBreak
C:/Users/user/Desktop/Project_SummerBreak
Using Asset Import Pipeline V2.
Refreshing native plugins compatible for Editor in 46.62 ms, found 0 plugins.
Preloading 0 native plugins for Editor in 0.00 ms.
Initialize engine version: 2021.1.1f1 (6fdc41dfa55a)
[Subsystems] Discovering subsystems at path C:/Program Files/Unity/Hub/Editor/2021.1.1f1/Editor/Data/Resources/UnitySubsystems
[Subsystems] Discovering subsystems at path C:/Users/user/Desktop/Project_SummerBreak/Assets
GfxDevice: creating device client; threaded=0; jobified=0
Direct3D:
    Version:  Direct3D 11.0 [level 11.1]
    Renderer: NVIDIA GeForce GTX 1060 3GB (ID=0x1c02)
    Vendor:   NVIDIA
    VRAM:     2988 MB
    Driver:   27.21.14.5671
Shader 'Universal Render Pipeline/Particles/Lit': fallback shader 'Universal Render Pipeline/Particles/SimpleLit' not found
Initialize mono
Mono path[0] = 'C:/Program Files/Unity/Hub/Editor/2021.1.1f1/Editor/Data/Managed'
Mono path[1] = 'C:/Program Files/Unity/Hub/Editor/2021.1.1f1/Editor/Data/MonoBleedingEdge/lib/mono/unityjit'
Mono config path = 'C:/Program Files/Unity/Hub/Editor/2021.1.1f1/Editor/Data/MonoBleedingEdge/etc'
Using monoOptions --debugger-agent=transport=dt_socket,embedding=1,server=y,suspend=n,address=127.0.0.1:56200
Begin MonoManager ReloadAssembly
Registering precompiled unity dll's ...
Register platform support module: C:/Program Files/Unity/Hub/Editor/2021.1.1f1/Editor/Data/PlaybackEngines/WindowsStandaloneSupport/UnityEditor.WindowsStandalone.Extensions.dll
Registered in 0.003505 seconds.
Native extension for WindowsStandalone target not found
Refreshing native plugins compatible for Editor in 47.17 ms, found 0 plugins.
Preloading 0 native plugins for Editor in 0.00 ms.
Mono: successfully reloaded assembly
- Completed reload, in  1.031 seconds
Platform modules already initialized, skipping
Registering precompiled user dll's ...
Registered in 0.001085 seconds.
Begin MonoManager ReloadAssembly
Native extension for WindowsStandalone target not found
Refreshing native plugins compatible for Editor in 49.12 ms, found 0 plugins.
Preloading 0 native plugins for Editor in 0.00 ms.
Mono: successfully reloaded assembly
- Completed reload, in  1.236 seconds
Platform modules already initialized, skipping
========================================================================
Worker process is ready to serve import requests
Shader 'Universal Render Pipeline/Particles/Lit': fallback shader 'Universal Render Pipeline/Particles/SimpleLit' not found
Launched and connected shader compiler UnityShaderCompiler.exe after 0.06 seconds
Refreshing native plugins compatible for Editor in 1.01 ms, found 0 plugins.
Preloading 0 native plugins for Editor in 0.00 ms.
Unloading 2649 Unused Serialized files (Serialized files now loaded: 0)
System memory in use before: 159.7 MB.
System memory in use after: 159.8 MB.

Unloading 21 unused Assets to reduce memory usage. Loaded Objects now: 3135.
Total: 3.638600 ms (FindLiveObjects: 0.395000 ms CreateObjectMapping: 0.200100 ms MarkObjects: 2.897200 ms  DeleteObjects: 0.145100 ms)

========================================================================
Received Import Request.
  path: Assets/Terrain/Terrain_0_0_8a434e2f-1b31-463c-9f7d-fee9bf31721c.asset
  artifactKey: Guid(54efd279dfb247045a73c10d70d817d8) Importer(815301076,1909f56bfc062723c751e8b465ee728b)
Start importing Assets/Terrain/Terrain_0_0_8a434e2f-1b31-463c-9f7d-fee9bf31721c.asset using Guid(54efd279dfb247045a73c10d70d817d8) Importer(815301076,1909f56bfc062723c751e8b465ee728b)  -> (artifact id: '9e088d1bc822a38e245ff221128d6ecf') in 0.104973 seconds 
========================================================================
Received Import Request.
  Time since last request: 12.555802 seconds.
  path: Assets/New Folder
  artifactKey: Guid(8c91a6566d86228438707242a008bb52) Importer(815301076,1909f56bfc062723c751e8b465ee728b)
Start importing Assets/New Folder using Guid(8c91a6566d86228438707242a008bb52) Importer(815301076,1909f56bfc062723c751e8b465ee728b)  -> (artifact id: 'c5b5d5d92f6821b627e827cf2820bd57') in 0.002105 seconds 
========================================================================
Received Import Request.
  Time since last request: 6.018041 seconds.
  path: Assets/Prototype
  artifactKey: Guid(8c91a6566d86228438707242a008bb52) Importer(815301076,1909f56bfc062723c751e8b465ee728b)
Start importing Assets/Prototype using Guid(8c91a6566d86228438707242a008bb52) Importer(815301076,1909f56bfc062723c751e8b465ee728b)  -> (artifact id: '344ea16ec9f9124b6f31e57270653f0b') in 0.002341 seconds 
========================================================================
Received Import Request.
  Time since last request: 46.951604 seconds.
  path: Assets/Prototype/New Folder
  artifactKey: Guid(0b7dd78ba39626c428e4758d1a7902d8) Importer(815301076,1909f56bfc062723c751e8b465ee728b)
Start importing Assets/Prototype/New Folder using Guid(0b7dd78ba39626c428e4758d1a7902d8) Importer(815301076,1909f56bfc062723c751e8b465ee728b)  -> (artifact id: 'cd56e40a47d0dacb2185c8140009e7f2') in 0.002086 seconds 
========================================================================
Received Import Request.
  Time since last request: 30.334419 seconds.
  path: Assets/Scenes/SampleScene.unity
  artifactKey: Guid(9fc0d4010bbf28b4594072e72b8655ab) Importer(815301076,1909f56bfc062723c751e8b465ee728b)
Start importing Assets/Scenes/SampleScene.unity using Guid(9fc0d4010bbf28b4594072e72b8655ab) Importer(815301076,1909f56bfc062723c751e8b465ee728b)  -> (artifact id: '57fabaa9a7784a3a31f5ce8fd025dc6b') in 0.002742 seconds 
========================================================================
Received Import Request.
  Time since last request: 2.191967 seconds.
  path: Assets/Scenes/SampleScene
  artifactKey: Guid(1209f24d270c0ed4a8de8c0469c0dd43) Importer(815301076,1909f56bfc062723c751e8b465ee728b)
Start importing Assets/Scenes/SampleScene using Guid(1209f24d270c0ed4a8de8c0469c0dd43) Importer(815301076,1909f56bfc062723c751e8b465ee728b)  -> (artifact id: '91fe6cf8fd0027ea4ea3d038dd1424f7') in 0.002198 seconds 
========================================================================
Received Import Request.
  Time since last request: 0.034238 seconds.
  path: Assets/Scenes/SampleScene/Global Volume Profile.asset
  artifactKey: Guid(391216b5c81fc834fa8db0fbc6b0d305) Importer(815301076,1909f56bfc062723c751e8b465ee728b)
Start importing Assets/Scenes/SampleScene/Global Volume Profile.asset using Guid(391216b5c81fc834fa8db0fbc6b0d305) Importer(815301076,1909f56bfc062723c751e8b465ee728b)  -> (artifact id: 'b82fad91afb1e0971063ec6029b4973e') in 0.011636 seconds 
========================================================================
Received Import Request.
  Time since last request: 12.164710 seconds.
  path: Assets/Prototype/New Folder 1
  artifactKey: Guid(97791d6f06607ca49b9669daea590e3b) Importer(815301076,1909f56bfc062723c751e8b465ee728b)
Start importing Assets/Prototype/New Folder 1 using Guid(97791d6f06607ca49b9669daea590e3b) Importer(815301076,1909f56bfc062723c751e8b465ee728b)  -> (artifact id: '09e8b83057d4c844e9194186d5e0126c') in 0.002156 seconds 
========================================================================
Received Import Request.
  Time since last request: 2.209587 seconds.
  path: Assets/Prototype/New Folder 2
  artifactKey: Guid(18d2aad3314755244afebd6d6176ee17) Importer(815301076,1909f56bfc062723c751e8b465ee728b)
Start importing Assets/Prototype/New Folder 2 using Guid(18d2aad3314755244afebd6d6176ee17) Importer(815301076,1909f56bfc062723c751e8b465ee728b)  -> (artifact id: 'f8a4776f41c6135d7e09a5f91033e99f') in 0.002317 seconds 
========================================================================
Received Import Request.
  Time since last request: 13.390175 seconds.
  path: Assets/Prototype/JangSijin
  artifactKey: Guid(97791d6f06607ca49b9669daea590e3b) Importer(815301076,1909f56bfc062723c751e8b465ee728b)
Start importing Assets/Prototype/JangSijin using Guid(97791d6f06607ca49b9669daea590e3b) Importer(815301076,1909f56bfc062723c751e8b465ee728b)  -> (artifact id: '6ec40d0fae30c8d58dd77cce6ace217d') in 0.002512 seconds 
========================================================================
Received Import Request.
  Time since last request: 12.458385 seconds.
  path: Assets/Prototype/JangSijin/New Scene.unity
  artifactKey: Guid(b05f67390ddcc154e89e860db8bf8750) Importer(815301076,1909f56bfc062723c751e8b465ee728b)
Start importing Assets/Prototype/JangSijin/New Scene.unity using Guid(b05f67390ddcc154e89e860db8bf8750) Importer(815301076,1909f56bfc062723c751e8b465ee728b)  -> (artifact id: 'b2f872b4fe491807cf2a28b977d8e7fe') in 0.002708 seconds 
========================================================================
Received Import Request.
  Time since last request: 7.801831 seconds.
  path: Assets/Prototype/JangSijin/Temp_Prototype.unity
  artifactKey: Guid(b05f67390ddcc154e89e860db8bf8750) Importer(815301076,1909f56bfc062723c751e8b465ee728b)
Start importing Assets/Prototype/JangSijin/Temp_Prototype.unity using Guid(b05f67390ddcc154e89e860db8bf8750) Importer(815301076,1909f56bfc062723c751e8b465ee728b)  -> (artifact id: 'a60f8c0ec92689415944887659ea52f4') in 0.003685 seconds 
========================================================================
Received Import Request.
  Time since last request: 109.185985 seconds.
  path: Assets/Prototype/JangSijin/New Material.mat
  artifactKey: Guid(131b4557bfc095d4fb6b0ad7741a0503) Importer(815301076,1909f56bfc062723c751e8b465ee728b)
Start importing Assets/Prototype/JangSijin/New Material.mat using Guid(131b4557bfc095d4fb6b0ad7741a0503) Importer(815301076,1909f56bfc062723c751e8b465ee728b)  -> (artifact id: 'd2c4d72e3c83940282929c15eb757e7e') in 0.171344 seconds 
========================================================================
Received Import Request.
  Time since last request: 0.864897 seconds.
  path: Assets/Prototype/JangSijin/New Material.mat
  artifactKey: Guid(131b4557bfc095d4fb6b0ad7741a0503) Importer(815301076,1909f56bfc062723c751e8b465ee728b)
Start importing Assets/Prototype/JangSijin/New Material.mat using Guid(131b4557bfc095d4fb6b0ad7741a0503) Importer(815301076,1909f56bfc062723c751e8b465ee728b)  -> (artifact id: 'd66690c534a4dd412e694b3c957347f2') in 0.011722 seconds 
========================================================================
Received Prepare
Registering precompiled user dll's ...
Registered in 0.001316 seconds.
Begin MonoManager ReloadAssembly
Native extension for WindowsStandalone target not found
Refreshing native plugins compatible for Editor in 0.43 ms, found 0 plugins.
Preloading 0 native plugins for Editor in 0.00 ms.
Mono: successfully reloaded assembly
- Completed reload, in  1.341 seconds
Platform modules already initialized, skipping
Shader 'Universal Render Pipeline/Particles/Lit': fallback shader 'Universal Render Pipeline/Particles/SimpleLit' not found
Refreshing native plugins compatible for Editor in 0.47 ms, found 0 plugins.
Preloading 0 native plugins for Editor in 0.00 ms.
Unloading 2489 Unused Serialized files (Serialized files now loaded: 0)
System memory in use before: 163.3 MB.
System memory in use after: 163.4 MB.

Unloading 6 unused Assets to reduce memory usage. Loaded Objects now: 3293.
Total: 2.521600 ms (FindLiveObjects: 0.291600 ms CreateObjectMapping: 0.120300 ms MarkObjects: 1.958700 ms  DeleteObjects: 0.150100 ms)

========================================================================
Received Import Request.
  Time since last request: 23.339386 seconds.
  path: Assets/Prototype/JangSijin/New Material.mat
  artifactKey: Guid(131b4557bfc095d4fb6b0ad7741a0503) Importer(815301076,1909f56bfc062723c751e8b465ee728b)
Start importing Assets/Prototype/JangSijin/New Material.mat using Guid(131b4557bfc095d4fb6b0ad7741a0503) Importer(815301076,1909f56bfc062723c751e8b465ee728b)  -> (artifact id: '961a5b9d22f07ebcf34e78f5175b3b23') in 0.155195 seconds 
========================================================================
Received Import Request.
  Time since last request: 256.824779 seconds.
  path: Assets/Prototype/JangSijin/dawn_bk.bmp
  artifactKey: Guid(6771738d47f570247bd06242dfdb100e) Importer(815301076,1909f56bfc062723c751e8b465ee728b)
Start importing Assets/Prototype/JangSijin/dawn_bk.bmp using Guid(6771738d47f570247bd06242dfdb100e) Importer(815301076,1909f56bfc062723c751e8b465ee728b)  -> (artifact id: '043e51b1f887d399494097a6eaa56f7f') in 0.066738 seconds 
========================================================================
Received Import Request.
  Time since last request: 0.000136 seconds.
  path: Assets/Prototype/JangSijin/dawn_rt.bmp
  artifactKey: Guid(4d25705c38512b6409dd968784728890) Importer(815301076,1909f56bfc062723c751e8b465ee728b)
Start importing Assets/Prototype/JangSijin/dawn_rt.bmp using Guid(4d25705c38512b6409dd968784728890) Importer(815301076,1909f56bfc062723c751e8b465ee728b)  -> (artifact id: 'c196ab436adadab4b5485f3096a763c0') in 0.007188 seconds 
========================================================================
Received Import Request.
  Time since last request: 0.000179 seconds.
  path: Assets/Prototype/JangSijin/dawn_lf.bmp
  artifactKey: Guid(6d7549ffb4a2f734495cf43957c1fcac) Importer(815301076,1909f56bfc062723c751e8b465ee728b)
Start importing Assets/Prototype/JangSijin/dawn_lf.bmp using Guid(6d7549ffb4a2f734495cf43957c1fcac) Importer(815301076,1909f56bfc062723c751e8b465ee728b)  -> (artifact id: '7613b299a5267fc548fa9930565a7eaa') in 0.008286 seconds 
========================================================================
Received Import Request.
  Time since last request: 0.000144 seconds.
  path: Assets/Prototype/JangSijin/dawn_dn.bmp
  artifactKey: Guid(6d13e25b8aeed2b47bb83bfae1f18bd4) Importer(815301076,1909f56bfc062723c751e8b465ee728b)
Start importing Assets/Prototype/JangSijin/dawn_dn.bmp using Guid(6d13e25b8aeed2b47bb83bfae1f18bd4) Importer(815301076,1909f56bfc062723c751e8b465ee728b)  -> (artifact id: 'f4d178a9821d3449ba9c826359e1fdd3') in 0.007562 seconds 
========================================================================
Received Import Request.
  Time since last request: 0.000156 seconds.
  path: Assets/Prototype/JangSijin/dawn_ft.bmp
  artifactKey: Guid(daaae4edb4b39ef418ce544af50642e8) Importer(815301076,1909f56bfc062723c751e8b465ee728b)
Start importing Assets/Prototype/JangSijin/dawn_ft.bmp using Guid(daaae4edb4b39ef418ce544af50642e8) Importer(815301076,1909f56bfc062723c751e8b465ee728b)  -> (artifact id: 'e191dc84c5693c223435137666d3f318') in 0.007875 seconds 
========================================================================
Received Import Request.
  Time since last request: 0.000199 seconds.
  path: Assets/Prototype/JangSijin/dawn_up.bmp
  artifactKey: Guid(038137b2cb4ed4e45aa68cc631101fdb) Importer(815301076,1909f56bfc062723c751e8b465ee728b)
Start importing Assets/Prototype/JangSijin/dawn_up.bmp using Guid(038137b2cb4ed4e45aa68cc631101fdb) Importer(815301076,1909f56bfc062723c751e8b465ee728b)  -> (artifact id: '9eca142696c0f4ec99db8885df27ab79') in 0.008290 seconds 
========================================================================
Received Import Request.
  Time since last request: 6.485595 seconds.
  path: Assets/Meterial/TREE/Pine Tree/P_Leaf01.mat
  artifactKey: Guid(1d56ab798d1b5ca4b99ce951bfa233fe) Importer(815301076,1909f56bfc062723c751e8b465ee728b)
Start importing Assets/Meterial/TREE/Pine Tree/P_Leaf01.mat using Guid(1d56ab798d1b5ca4b99ce951bfa233fe) Importer(815301076,1909f56bfc062723c751e8b465ee728b)  -> (artifact id: '132f9c8b5fa03d2c39513e64ec14eeea') in 0.047227 seconds 
========================================================================
Received Import Request.
  Time since last request: 0.000189 seconds.
  path: Assets/Meterial/TREE/Pine Tree/P_Snow.mat
  artifactKey: Guid(dfc2405c94e00a7409130b562987836f) Importer(815301076,1909f56bfc062723c751e8b465ee728b)
Start importing Assets/Meterial/TREE/Pine Tree/P_Snow.mat using Guid(dfc2405c94e00a7409130b562987836f) Importer(815301076,1909f56bfc062723c751e8b465ee728b)  -> (artifact id: 'fc4ec3e94d6842568e00551ca8a6db7a') in 0.014850 seconds 
========================================================================
Received Import Request.
  Time since last request: 0.000315 seconds.
  path: Assets/Meterial/TREE/Pine Tree/P_Leaf03.mat
  artifactKey: Guid(0bec4782bad53464da3f458bccee1cc0) Importer(815301076,1909f56bfc062723c751e8b465ee728b)
Start importing Assets/Meterial/TREE/Pine Tree/P_Leaf03.mat using Guid(0bec4782bad53464da3f458bccee1cc0) Importer(815301076,1909f56bfc062723c751e8b465ee728b)  -> (artifact id: 'ae34c5529f6b44f38a7a764f2044f7ee') in 0.014922 seconds 
========================================================================
Received Import Request.
  Time since last request: 0.000189 seconds.
  path: Assets/Meterial/TREE/Pine Tree/P_Leaf02.mat
  artifactKey: Guid(eff508058ce8d0f4b9c8074413b9faa8) Importer(815301076,1909f56bfc062723c751e8b465ee728b)
Start importing Assets/Meterial/TREE/Pine Tree/P_Leaf02.mat using Guid(eff508058ce8d0f4b9c8074413b9faa8) Importer(815301076,1909f56bfc062723c751e8b465ee728b)  -> (artifact id: '4ebbeb704dd0e6c25676033d59294f12') in 0.016322 seconds 
========================================================================
Received Import Request.
  Time since last request: 18.961131 seconds.
  path: Assets/Meterial/GRASS/GRASS_Peak_LOD1.mat
  artifactKey: Guid(fa48992fa8c7fe34e8e7b4acb6b29074) Importer(815301076,1909f56bfc062723c751e8b465ee728b)
Start importing Assets/Meterial/GRASS/GRASS_Peak_LOD1.mat using Guid(fa48992fa8c7fe34e8e7b4acb6b29074) Importer(815301076,1909f56bfc062723c751e8b465ee728b)  -> (artifact id: 'edc9deae8172e262eb9ad91f3eca2d58') in 0.007550 seconds 
========================================================================
Received Import Request.
  Time since last request: 0.022346 seconds.
  path: Assets/Meterial/GRASS/GRASS_Forest_LOD1.mat
  artifactKey: Guid(90abc5e1ec0cd1b4b98198964204d740) Importer(815301076,1909f56bfc062723c751e8b465ee728b)
Start importing Assets/Meterial/GRASS/GRASS_Forest_LOD1.mat using Guid(90abc5e1ec0cd1b4b98198964204d740) Importer(815301076,1909f56bfc062723c751e8b465ee728b)  -> (artifact id: 'a182da253c067f1855abf14389706558') in 0.007492 seconds 
========================================================================
Received Import Request.
  Time since last request: 0.000140 seconds.
  path: Assets/Meterial/GRASS/GRASS_Lagoon_LOD1.mat
  artifactKey: Guid(24e03d0424a0f55408b28bd50f668b43) Importer(815301076,1909f56bfc062723c751e8b465ee728b)
Start importing Assets/Meterial/GRASS/GRASS_Lagoon_LOD1.mat using Guid(24e03d0424a0f55408b28bd50f668b43) Importer(815301076,1909f56bfc062723c751e8b465ee728b)  -> (artifact id: '3333ab6a362960a6be0c9870bb14fb3c') in 0.008572 seconds 
========================================================================
Received Import Request.
  Time since last request: 0.054799 seconds.
  path: Assets/Meterial/GRASS/GRASS_Cave_LOD1.mat
  artifactKey: Guid(a53df4985defb504a86c32de8e035ecd) Importer(815301076,1909f56bfc062723c751e8b465ee728b)
Start importing Assets/Meterial/GRASS/GRASS_Cave_LOD1.mat using Guid(a53df4985defb504a86c32de8e035ecd) Importer(815301076,1909f56bfc062723c751e8b465ee728b)  -> (artifact id: 'c0d3132e91d48e188d601ea56666e332') in 0.007216 seconds 
========================================================================
Received Import Request.
  Time since last request: 0.283172 seconds.
  path: Assets/Meterial/TREE/Ball Tree/B_Leaf01_1.mat
  artifactKey: Guid(def51eece45bf5146852eaa9689ea714) Importer(815301076,1909f56bfc062723c751e8b465ee728b)
Start importing Assets/Meterial/TREE/Ball Tree/B_Leaf01_1.mat using Guid(def51eece45bf5146852eaa9689ea714) Importer(815301076,1909f56bfc062723c751e8b465ee728b)  -> (artifact id: '29783532ff64190eabeb72dfe7d2c8a3') in 0.014180 seconds 
========================================================================
Received Import Request.
  Time since last request: 0.000234 seconds.
  path: Assets/Meterial/TREE/Ball Tree/B_Leaf02_1.mat
  artifactKey: Guid(310f999aee62c9b448c5ce31cb794e76) Importer(815301076,1909f56bfc062723c751e8b465ee728b)
Start importing Assets/Meterial/TREE/Ball Tree/B_Leaf02_1.mat using Guid(310f999aee62c9b448c5ce31cb794e76) Importer(815301076,1909f56bfc062723c751e8b465ee728b)  -> (artifact id: '8aa2e76efbfdcd6cf0fa9b388beb6e64') in 0.015469 seconds 
========================================================================
Received Import Request.
  Time since last request: 0.000183 seconds.
  path: Assets/Meterial/TREE/Ball Tree/B_Leaf03_2.mat
  artifactKey: Guid(88af009bcb20fea4391da027afa12e18) Importer(815301076,1909f56bfc062723c751e8b465ee728b)
Start importing Assets/Meterial/TREE/Ball Tree/B_Leaf03_2.mat using Guid(88af009bcb20fea4391da027afa12e18) Importer(815301076,1909f56bfc062723c751e8b465ee728b)  -> (artifact id: 'aa9f80710408540daf09372923f32011') in 0.013151 seconds 
========================================================================
Received Import Request.
  Time since last request: 0.000223 seconds.
  path: Assets/Meterial/TREE/Ball Tree/B_Leaf01_2.mat
  artifactKey: Guid(7f72100d780f52c4d889d46621f791f7) Importer(815301076,1909f56bfc062723c751e8b465ee728b)
Start importing Assets/Meterial/TREE/Ball Tree/B_Leaf01_2.mat using Guid(7f72100d780f52c4d889d46621f791f7) Importer(815301076,1909f56bfc062723c751e8b465ee728b)  -> (artifact id: '94349606d0905b6c0d463497924079b9') in 0.014364 seconds 
========================================================================
Received Import Request.
  Time since last request: 0.000173 seconds.
  path: Assets/Meterial/TREE/Ball Tree/B_Leaf02_2.mat
  artifactKey: Guid(bcbe44da040ca874aaa9987d5b0f48a9) Importer(815301076,1909f56bfc062723c751e8b465ee728b)
Start importing Assets/Meterial/TREE/Ball Tree/B_Leaf02_2.mat using Guid(bcbe44da040ca874aaa9987d5b0f48a9) Importer(815301076,1909f56bfc062723c751e8b465ee728b)  -> (artifact id: '23cb92a0a2afe29614a2b50ea53ffc9b') in 0.015816 seconds 
========================================================================
Received Import Request.
  Time since last request: 0.000179 seconds.
  path: Assets/Meterial/TREE/Ball Tree/B_Leaf03_1.mat
  artifactKey: Guid(0e651e84d1cd2c642aefef693ff3481b) Importer(815301076,1909f56bfc062723c751e8b465ee728b)
Start importing Assets/Meterial/TREE/Ball Tree/B_Leaf03_1.mat using Guid(0e651e84d1cd2c642aefef693ff3481b) Importer(815301076,1909f56bfc062723c751e8b465ee728b)  -> (artifact id: '6a759ed5d76e7e9cd1ec70750eee4d7b') in 0.013741 seconds 
========================================================================
Received Import Request.
  Time since last request: 38.504123 seconds.
  path: Assets/Prototype/JangSijin/Map_Skybox/New Material.mat
  artifactKey: Guid(1943771f291be9b40bab78e618296952) Importer(815301076,1909f56bfc062723c751e8b465ee728b)
Start importing Assets/Prototype/JangSijin/Map_Skybox/New Material.mat using Guid(1943771f291be9b40bab78e618296952) Importer(815301076,1909f56bfc062723c751e8b465ee728b)  -> (artifact id: 'cb00acf720269f4bef5de88c25dd1b16') in 0.009208 seconds 
========================================================================
Received Import Request.
  Time since last request: 29.737196 seconds.
  path: Assets/Prototype/JangSijin/Map_Skybox
  artifactKey: Guid(fc57f1ca5ef372e44a8cbc81d5374c1c) Importer(815301076,1909f56bfc062723c751e8b465ee728b)
Start importing Assets/Prototype/JangSijin/Map_Skybox using Guid(fc57f1ca5ef372e44a8cbc81d5374c1c) Importer(815301076,1909f56bfc062723c751e8b465ee728b)  -> (artifact id: 'dbfeb1465475864e505a86144602d8d0') in 0.002203 seconds 
========================================================================
Received Import Request.
  Time since last request: 77.864598 seconds.
  path: Assets/Prototype/JangSijin/Map_Skybox/New Material.mat
  artifactKey: Guid(1943771f291be9b40bab78e618296952) Importer(815301076,1909f56bfc062723c751e8b465ee728b)
Start importing Assets/Prototype/JangSijin/Map_Skybox/New Material.mat using Guid(1943771f291be9b40bab78e618296952) Importer(815301076,1909f56bfc062723c751e8b465ee728b)  -> (artifact id: '22d61d34f0e7d0824da20055e1b90c91') in 0.007673 seconds 
========================================================================
Received Import Request.
  Time since last request: 70.886294 seconds.
  path: Assets/Prototype/JangSijin/Temp_Prototype.unity
  artifactKey: Guid(b05f67390ddcc154e89e860db8bf8750) Importer(815301076,1909f56bfc062723c751e8b465ee728b)
Start importing Assets/Prototype/JangSijin/Temp_Prototype.unity using Guid(b05f67390ddcc154e89e860db8bf8750) Importer(815301076,1909f56bfc062723c751e8b465ee728b)  -> (artifact id: 'e2f537e30fd89e3935a5ca10a61bce7a') in 0.002439 seconds 
========================================================================
Received Prepare
Registering precompiled user dll's ...
Registered in 0.001093 seconds.
Begin MonoManager ReloadAssembly
Native extension for WindowsStandalone target not found
Refreshing native plugins compatible for Editor in 0.53 ms, found 0 plugins.
Preloading 0 native plugins for Editor in 0.00 ms.
Mono: successfully reloaded assembly
- Completed reload, in  1.185 seconds
Platform modules already initialized, skipping
Shader 'Universal Render Pipeline/Particles/Lit': fallback shader 'Universal Render Pipeline/Particles/SimpleLit' not found
Refreshing native plugins compatible for Editor in 0.47 ms, found 0 plugins.
Preloading 0 native plugins for Editor in 0.00 ms.
Unloading 2495 Unused Serialized files (Serialized files now loaded: 0)
System memory in use before: 166.2 MB.
System memory in use after: 166.3 MB.

Unloading 6 unused Assets to reduce memory usage. Loaded Objects now: 3423.
Total: 2.806000 ms (FindLiveObjects: 0.372900 ms CreateObjectMapping: 0.135900 ms MarkObjects: 2.178300 ms  DeleteObjects: 0.117800 ms)

========================================================================
Received Prepare
Registering precompiled user dll's ...
Registered in 0.001370 seconds.
Begin MonoManager ReloadAssembly
Native extension for WindowsStandalone target not found
Refreshing native plugins compatible for Editor in 0.55 ms, found 0 plugins.
Preloading 0 native plugins for Editor in 0.00 ms.
Mono: successfully reloaded assembly
- Completed reload, in  1.390 seconds
Platform modules already initialized, skipping
Shader 'Universal Render Pipeline/Particles/Lit': fallback shader 'Universal Render Pipeline/Particles/SimpleLit' not found
Refreshing native plugins compatible for Editor in 0.67 ms, found 0 plugins.
Preloading 0 native plugins for Editor in 0.00 ms.
Unloading 2489 Unused Serialized files (Serialized files now loaded: 0)
System memory in use before: 166.0 MB.
System memory in use after: 166.2 MB.

Unloading 6 unused Assets to reduce memory usage. Loaded Objects now: 3426.
Total: 4.202100 ms (FindLiveObjects: 0.443600 ms CreateObjectMapping: 0.214600 ms MarkObjects: 3.353100 ms  DeleteObjects: 0.188900 ms)

========================================================================
Received Prepare
Registering precompiled user dll's ...
Registered in 0.001094 seconds.
Begin MonoManager ReloadAssembly
Native extension for WindowsStandalone target not found
Refreshing native plugins compatible for Editor in 0.49 ms, found 0 plugins.
Preloading 0 native plugins for Editor in 0.00 ms.
Mono: successfully reloaded assembly
- Completed reload, in  1.162 seconds
Platform modules already initialized, skipping
Shader 'Universal Render Pipeline/Particles/Lit': fallback shader 'Universal Render Pipeline/Particles/SimpleLit' not found
Refreshing native plugins compatible for Editor in 0.44 ms, found 0 plugins.
Preloading 0 native plugins for Editor in 0.00 ms.
Unloading 2489 Unused Serialized files (Serialized files now loaded: 0)
System memory in use before: 166.0 MB.
System memory in use after: 166.1 MB.

Unloading 6 unused Assets to reduce memory usage. Loaded Objects now: 3429.
Total: 2.520600 ms (FindLiveObjects: 0.288700 ms CreateObjectMapping: 0.113900 ms MarkObjects: 2.004900 ms  DeleteObjects: 0.112300 ms)

========================================================================
Received Prepare
Registering precompiled user dll's ...
Registered in 0.001215 seconds.
Begin MonoManager ReloadAssembly
Native extension for WindowsStandalone target not found
Refreshing native plugins compatible for Editor in 0.70 ms, found 0 plugins.
Preloading 0 native plugins for Editor in 0.00 ms.
Mono: successfully reloaded assembly
- Completed reload, in  1.357 seconds
Platform modules already initialized, skipping
Shader 'Universal Render Pipeline/Particles/Lit': fallback shader 'Universal Render Pipeline/Particles/SimpleLit' not found
Refreshing native plugins compatible for Editor in 0.65 ms, found 0 plugins.
Preloading 0 native plugins for Editor in 0.00 ms.
Unloading 2489 Unused Serialized files (Serialized files now loaded: 0)
System memory in use before: 165.9 MB.
System memory in use after: 166.0 MB.

Unloading 6 unused Assets to reduce memory usage. Loaded Objects now: 3432.
Total: 4.308700 ms (FindLiveObjects: 0.789800 ms CreateObjectMapping: 0.392600 ms MarkObjects: 2.962600 ms  DeleteObjects: 0.160800 ms)

========================================================================
Received Prepare
Registering precompiled user dll's ...
Registered in 0.001256 seconds.
Begin MonoManager ReloadAssembly
Native extension for WindowsStandalone target not found
Refreshing native plugins compatible for Editor in 0.46 ms, found 0 plugins.
Preloading 0 native plugins for Editor in 0.00 ms.
Mono: successfully reloaded assembly
- Completed reload, in  1.196 seconds
Platform modules already initialized, skipping
Shader 'Universal Render Pipeline/Particles/Lit': fallback shader 'Universal Render Pipeline/Particles/SimpleLit' not found
Refreshing native plugins compatible for Editor in 0.55 ms, found 0 plugins.
Preloading 0 native plugins for Editor in 0.00 ms.
Unloading 2489 Unused Serialized files (Serialized files now loaded: 0)
System memory in use before: 166.0 MB.
System memory in use after: 166.1 MB.

Unloading 6 unused Assets to reduce memory usage. Loaded Objects now: 3435.
Total: 4.814500 ms (FindLiveObjects: 0.642700 ms CreateObjectMapping: 0.637700 ms MarkObjects: 3.369400 ms  DeleteObjects: 0.163100 ms)

========================================================================
Received Prepare
Registering precompiled user dll's ...
Registered in 0.001157 seconds.
Begin MonoManager ReloadAssembly
Native extension for WindowsStandalone target not found
Refreshing native plugins compatible for Editor in 0.46 ms, found 0 plugins.
Preloading 0 native plugins for Editor in 0.00 ms.
Mono: successfully reloaded assembly
- Completed reload, in  1.176 seconds
Platform modules already initialized, skipping
Shader 'Universal Render Pipeline/Particles/Lit': fallback shader 'Universal Render Pipeline/Particles/SimpleLit' not found
Refreshing native plugins compatible for Editor in 0.53 ms, found 0 plugins.
Preloading 0 native plugins for Editor in 0.00 ms.
Unloading 2489 Unused Serialized files (Serialized files now loaded: 0)
System memory in use before: 166.0 MB.
System memory in use after: 166.1 MB.

Unloading 6 unused Assets to reduce memory usage. Loaded Objects now: 3438.
Total: 2.927400 ms (FindLiveObjects: 0.356700 ms CreateObjectMapping: 0.132700 ms MarkObjects: 2.314800 ms  DeleteObjects: 0.121800 ms)

========================================================================
Received Prepare
Registering precompiled user dll's ...
Registered in 0.001649 seconds.
Begin MonoManager ReloadAssembly
Native extension for WindowsStandalone target not found
Refreshing native plugins compatible for Editor in 0.57 ms, found 0 plugins.
Preloading 0 native plugins for Editor in 0.00 ms.
Mono: successfully reloaded assembly
- Completed reload, in  1.392 seconds
Platform modules already initialized, skipping
Shader 'Universal Render Pipeline/Particles/Lit': fallback shader 'Universal Render Pipeline/Particles/SimpleLit' not found
Refreshing native plugins compatible for Editor in 0.46 ms, found 0 plugins.
Preloading 0 native plugins for Editor in 0.00 ms.
Unloading 2489 Unused Serialized files (Serialized files now loaded: 0)
System memory in use before: 166.0 MB.
System memory in use after: 166.1 MB.

Unloading 6 unused Assets to reduce memory usage. Loaded Objects now: 3441.
Total: 2.919100 ms (FindLiveObjects: 0.436300 ms CreateObjectMapping: 0.143200 ms MarkObjects: 2.220700 ms  DeleteObjects: 0.117400 ms)

========================================================================
Received Prepare
Registering precompiled user dll's ...
Registered in 0.001733 seconds.
Begin MonoManager ReloadAssembly
Native extension for WindowsStandalone target not found
Refreshing native plugins compatible for Editor in 0.61 ms, found 0 plugins.
Preloading 0 native plugins for Editor in 0.00 ms.
Mono: successfully reloaded assembly
- Completed reload, in  1.385 seconds
Platform modules already initialized, skipping
Shader 'Universal Render Pipeline/Particles/Lit': fallback shader 'Universal Render Pipeline/Particles/SimpleLit' not found
Refreshing native plugins compatible for Editor in 0.48 ms, found 0 plugins.
Preloading 0 native plugins for Editor in 0.00 ms.
Unloading 2489 Unused Serialized files (Serialized files now loaded: 0)
System memory in use before: 166.0 MB.
System memory in use after: 166.1 MB.

Unloading 6 unused Assets to reduce memory usage. Loaded Objects now: 3444.
Total: 2.869200 ms (FindLiveObjects: 0.325000 ms CreateObjectMapping: 0.142400 ms MarkObjects: 2.292500 ms  DeleteObjects: 0.108400 ms)

========================================================================
Received Prepare
Registering precompiled user dll's ...
Registered in 0.001320 seconds.
Begin MonoManager ReloadAssembly
Native extension for WindowsStandalone target not found
Refreshing native plugins compatible for Editor in 0.48 ms, found 0 plugins.
Preloading 0 native plugins for Editor in 0.00 ms.
Mono: successfully reloaded assembly
- Completed reload, in  1.353 seconds
Platform modules already initialized, skipping
Shader 'Universal Render Pipeline/Particles/Lit': fallback shader 'Universal Render Pipeline/Particles/SimpleLit' not found
Refreshing native plugins compatible for Editor in 0.70 ms, found 0 plugins.
Preloading 0 native plugins for Editor in 0.00 ms.
Unloading 2489 Unused Serialized files (Serialized files now loaded: 0)
System memory in use before: 165.9 MB.
System memory in use after: 166.1 MB.

Unloading 6 unused Assets to reduce memory usage. Loaded Objects now: 3447.
Total: 3.120700 ms (FindLiveObjects: 0.385300 ms CreateObjectMapping: 0.148200 ms MarkObjects: 2.458700 ms  DeleteObjects: 0.127100 ms)

========================================================================
Received Prepare
Registering precompiled user dll's ...
Registered in 0.001633 seconds.
Begin MonoManager ReloadAssembly
Native extension for WindowsStandalone target not found
Refreshing native plugins compatible for Editor in 0.55 ms, found 0 plugins.
Preloading 0 native plugins for Editor in 0.00 ms.
Mono: successfully reloaded assembly
- Completed reload, in  1.383 seconds
Platform modules already initialized, skipping
Shader 'Universal Render Pipeline/Particles/Lit': fallback shader 'Universal Render Pipeline/Particles/SimpleLit' not found
Refreshing native plugins compatible for Editor in 0.62 ms, found 0 plugins.
Preloading 0 native plugins for Editor in 0.00 ms.
Unloading 2489 Unused Serialized files (Serialized files now loaded: 0)
System memory in use before: 166.0 MB.
System memory in use after: 166.2 MB.

Unloading 6 unused Assets to reduce memory usage. Loaded Objects now: 3450.
Total: 4.545200 ms (FindLiveObjects: 0.681500 ms CreateObjectMapping: 0.350600 ms MarkObjects: 3.297500 ms  DeleteObjects: 0.214100 ms)

========================================================================
Received Prepare
Registering precompiled user dll's ...
Registered in 0.001205 seconds.
Begin MonoManager ReloadAssembly
Native extension for WindowsStandalone target not found
Refreshing native plugins compatible for Editor in 1.02 ms, found 0 plugins.
Preloading 0 native plugins for Editor in 0.00 ms.
Mono: successfully reloaded assembly
- Completed reload, in  1.372 seconds
Platform modules already initialized, skipping
Shader 'Universal Render Pipeline/Particles/Lit': fallback shader 'Universal Render Pipeline/Particles/SimpleLit' not found
Refreshing native plugins compatible for Editor in 0.55 ms, found 0 plugins.
Preloading 0 native plugins for Editor in 0.00 ms.
Unloading 2489 Unused Serialized files (Serialized files now loaded: 0)
System memory in use before: 166.1 MB.
System memory in use after: 166.2 MB.

Unloading 6 unused Assets to reduce memory usage. Loaded Objects now: 3453.
Total: 3.442300 ms (FindLiveObjects: 0.469100 ms CreateObjectMapping: 0.221500 ms MarkObjects: 2.621700 ms  DeleteObjects: 0.128600 ms)

========================================================================
Received Prepare
Registering precompiled user dll's ...
Registered in 0.001568 seconds.
Begin MonoManager ReloadAssembly
Native extension for WindowsStandalone target not found
Refreshing native plugins compatible for Editor in 0.54 ms, found 0 plugins.
Preloading 0 native plugins for Editor in 0.00 ms.
Mono: successfully reloaded assembly
- Completed reload, in  1.331 seconds
Platform modules already initialized, skipping
Shader 'Universal Render Pipeline/Particles/Lit': fallback shader 'Universal Render Pipeline/Particles/SimpleLit' not found
Refreshing native plugins compatible for Editor in 0.59 ms, found 0 plugins.
Preloading 0 native plugins for Editor in 0.00 ms.
Unloading 2489 Unused Serialized files (Serialized files now loaded: 0)
System memory in use before: 166.1 MB.
System memory in use after: 166.2 MB.

Unloading 6 unused Assets to reduce memory usage. Loaded Objects now: 3456.
Total: 5.529400 ms (FindLiveObjects: 0.737800 ms CreateObjectMapping: 0.282600 ms MarkObjects: 4.363000 ms  DeleteObjects: 0.144300 ms)

========================================================================
Received Prepare
Registering precompiled user dll's ...
Registered in 0.001246 seconds.
Begin MonoManager ReloadAssembly
Native extension for WindowsStandalone target not found
Refreshing native plugins compatible for Editor in 0.47 ms, found 0 plugins.
Preloading 0 native plugins for Editor in 0.00 ms.
Mono: successfully reloaded assembly
- Completed reload, in  1.204 seconds
Platform modules already initialized, skipping
Shader 'Universal Render Pipeline/Particles/Lit': fallback shader 'Universal Render Pipeline/Particles/SimpleLit' not found
Refreshing native plugins compatible for Editor in 0.49 ms, found 0 plugins.
Preloading 0 native plugins for Editor in 0.00 ms.
Unloading 2489 Unused Serialized files (Serialized files now loaded: 0)
System memory in use before: 166.1 MB.
System memory in use after: 166.2 MB.

Unloading 6 unused Assets to reduce memory usage. Loaded Objects now: 3459.
Total: 5.300000 ms (FindLiveObjects: 0.644200 ms CreateObjectMapping: 0.428600 ms MarkObjects: 4.097900 ms  DeleteObjects: 0.126700 ms)

========================================================================
Received Prepare
Registering precompiled user dll's ...
Registered in 0.001485 seconds.
Begin MonoManager ReloadAssembly
Native extension for WindowsStandalone target not found
Refreshing native plugins compatible for Editor in 0.60 ms, found 0 plugins.
Preloading 0 native plugins for Editor in 0.00 ms.
Mono: successfully reloaded assembly
- Completed reload, in  1.379 seconds
Platform modules already initialized, skipping
Shader 'Universal Render Pipeline/Particles/Lit': fallback shader 'Universal Render Pipeline/Particles/SimpleLit' not found
Refreshing native plugins compatible for Editor in 0.69 ms, found 0 plugins.
Preloading 0 native plugins for Editor in 0.00 ms.
Unloading 2489 Unused Serialized files (Serialized files now loaded: 0)
System memory in use before: 166.0 MB.
System memory in use after: 166.2 MB.

Unloading 6 unused Assets to reduce memory usage. Loaded Objects now: 3462.
Total: 7.760200 ms (FindLiveObjects: 0.803300 ms CreateObjectMapping: 0.438700 ms MarkObjects: 6.349100 ms  DeleteObjects: 0.143400 ms)

========================================================================
Received Prepare
Registering precompiled user dll's ...
Registered in 0.001747 seconds.
Begin MonoManager ReloadAssembly
Native extension for WindowsStandalone target not found
Refreshing native plugins compatible for Editor in 0.44 ms, found 0 plugins.
Preloading 0 native plugins for Editor in 0.00 ms.
Mono: successfully reloaded assembly
- Completed reload, in  1.183 seconds
Platform modules already initialized, skipping
Shader 'Universal Render Pipeline/Particles/Lit': fallback shader 'Universal Render Pipeline/Particles/SimpleLit' not found
Refreshing native plugins compatible for Editor in 0.61 ms, found 0 plugins.
Preloading 0 native plugins for Editor in 0.00 ms.
Unloading 2489 Unused Serialized files (Serialized files now loaded: 0)
System memory in use before: 166.1 MB.
System memory in use after: 166.3 MB.

Unloading 6 unused Assets to reduce memory usage. Loaded Objects now: 3465.
Total: 3.097300 ms (FindLiveObjects: 0.429500 ms CreateObjectMapping: 0.156300 ms MarkObjects: 2.353800 ms  DeleteObjects: 0.154900 ms)

========================================================================
Received Prepare
Registering precompiled user dll's ...
Registered in 0.001197 seconds.
Begin MonoManager ReloadAssembly
Native extension for WindowsStandalone target not found
Refreshing native plugins compatible for Editor in 0.44 ms, found 0 plugins.
Preloading 0 native plugins for Editor in 0.00 ms.
Mono: successfully reloaded assembly
- Completed reload, in  1.369 seconds
Platform modules already initialized, skipping
Shader 'Universal Render Pipeline/Particles/Lit': fallback shader 'Universal Render Pipeline/Particles/SimpleLit' not found
Refreshing native plugins compatible for Editor in 0.47 ms, found 0 plugins.
Preloading 0 native plugins for Editor in 0.00 ms.
Unloading 2489 Unused Serialized files (Serialized files now loaded: 0)
System memory in use before: 166.1 MB.
System memory in use after: 166.3 MB.

Unloading 6 unused Assets to reduce memory usage. Loaded Objects now: 3468.
Total: 3.370800 ms (FindLiveObjects: 0.412500 ms CreateObjectMapping: 0.203100 ms MarkObjects: 2.643200 ms  DeleteObjects: 0.111100 ms)

========================================================================
Received Import Request.
  Time since last request: 3726.646238 seconds.
  path: Assets/Prototype/JangSijin/PlayerController.cs
  artifactKey: Guid(4c9f5e44a929c094a89f1bee268ae421) Importer(815301076,1909f56bfc062723c751e8b465ee728b)
Start importing Assets/Prototype/JangSijin/PlayerController.cs using Guid(4c9f5e44a929c094a89f1bee268ae421) Importer(815301076,1909f56bfc062723c751e8b465ee728b)  -> (artifact id: '6d36576becbf3dc2ba630ec071e5d471') in 0.010692 seconds 
========================================================================
Received Import Request.
  Time since last request: 79.677816 seconds.
  path: Assets/Prototype/JangSijin/PlayerController.cs
  artifactKey: Guid(4c9f5e44a929c094a89f1bee268ae421) Importer(815301076,1909f56bfc062723c751e8b465ee728b)
Start importing Assets/Prototype/JangSijin/PlayerController.cs using Guid(4c9f5e44a929c094a89f1bee268ae421) Importer(815301076,1909f56bfc062723c751e8b465ee728b)  -> (artifact id: 'e3d8f1f872afca4ecb1436db4ff7ed32') in 0.003180 seconds 
========================================================================
Received Prepare
Registering precompiled user dll's ...
Registered in 0.001111 seconds.
Begin MonoManager ReloadAssembly
Native extension for WindowsStandalone target not found
Refreshing native plugins compatible for Editor in 0.91 ms, found 0 plugins.
Preloading 0 native plugins for Editor in 0.00 ms.
Mono: successfully reloaded assembly
- Completed reload, in  1.233 seconds
Platform modules already initialized, skipping
Shader 'Universal Render Pipeline/Particles/Lit': fallback shader 'Universal Render Pipeline/Particles/SimpleLit' not found
Refreshing native plugins compatible for Editor in 0.49 ms, found 0 plugins.
Preloading 0 native plugins for Editor in 0.00 ms.
Unloading 2489 Unused Serialized files (Serialized files now loaded: 0)
System memory in use before: 166.1 MB.
System memory in use after: 166.3 MB.

Unloading 6 unused Assets to reduce memory usage. Loaded Objects now: 3471.
Total: 6.002000 ms (FindLiveObjects: 0.573100 ms CreateObjectMapping: 0.295800 ms MarkObjects: 4.965100 ms  DeleteObjects: 0.166200 ms)

========================================================================
Received Import Request.
  Time since last request: 43.732275 seconds.
  path: Assets/Prototype/JangSijin/PlayerController.cs
  artifactKey: Guid(4c9f5e44a929c094a89f1bee268ae421) Importer(815301076,1909f56bfc062723c751e8b465ee728b)
Start importing Assets/Prototype/JangSijin/PlayerController.cs using Guid(4c9f5e44a929c094a89f1bee268ae421) Importer(815301076,1909f56bfc062723c751e8b465ee728b)  -> (artifact id: 'e88cd7e0dc8520a25df9b9a58f803608') in 0.008148 seconds 
========================================================================
Received Prepare
Registering precompiled user dll's ...
Registered in 0.001672 seconds.
Begin MonoManager ReloadAssembly
Native extension for WindowsStandalone target not found
Refreshing native plugins compatible for Editor in 0.70 ms, found 0 plugins.
Preloading 0 native plugins for Editor in 0.00 ms.
Mono: successfully reloaded assembly
- Completed reload, in  1.235 seconds
Platform modules already initialized, skipping
Shader 'Universal Render Pipeline/Particles/Lit': fallback shader 'Universal Render Pipeline/Particles/SimpleLit' not found
Refreshing native plugins compatible for Editor in 0.44 ms, found 0 plugins.
Preloading 0 native plugins for Editor in 0.00 ms.
Unloading 2489 Unused Serialized files (Serialized files now loaded: 0)
System memory in use before: 166.2 MB.
System memory in use after: 166.3 MB.

Unloading 6 unused Assets to reduce memory usage. Loaded Objects now: 3474.
Total: 2.554300 ms (FindLiveObjects: 0.292600 ms CreateObjectMapping: 0.125900 ms MarkObjects: 2.024400 ms  DeleteObjects: 0.110100 ms)

========================================================================
Received Import Request.
  Time since last request: 51.431249 seconds.
  path: Assets/Prototype/JangSijin/PlayerController.cs
  artifactKey: Guid(4c9f5e44a929c094a89f1bee268ae421) Importer(815301076,1909f56bfc062723c751e8b465ee728b)
Start importing Assets/Prototype/JangSijin/PlayerController.cs using Guid(4c9f5e44a929c094a89f1bee268ae421) Importer(815301076,1909f56bfc062723c751e8b465ee728b)  -> (artifact id: '68e50ae51222904ebafb98f70ed08001') in 0.008529 seconds 
========================================================================
Received Prepare
Registering precompiled user dll's ...
Registered in 0.001667 seconds.
Begin MonoManager ReloadAssembly
Native extension for WindowsStandalone target not found
Refreshing native plugins compatible for Editor in 0.46 ms, found 0 plugins.
Preloading 0 native plugins for Editor in 0.00 ms.
Mono: successfully reloaded assembly
- Completed reload, in  1.268 seconds
Platform modules already initialized, skipping
Shader 'Universal Render Pipeline/Particles/Lit': fallback shader 'Universal Render Pipeline/Particles/SimpleLit' not found
Refreshing native plugins compatible for Editor in 0.54 ms, found 0 plugins.
Preloading 0 native plugins for Editor in 0.00 ms.
Unloading 2489 Unused Serialized files (Serialized files now loaded: 0)
System memory in use before: 166.1 MB.
System memory in use after: 166.2 MB.

Unloading 6 unused Assets to reduce memory usage. Loaded Objects now: 3477.
Total: 4.086500 ms (FindLiveObjects: 0.731500 ms CreateObjectMapping: 0.361700 ms MarkObjects: 2.800000 ms  DeleteObjects: 0.191000 ms)

========================================================================
Received Import Request.
  Time since last request: 11.899596 seconds.
  path: Assets/Prototype/JangSijin/PlayerController.cs
  artifactKey: Guid(4c9f5e44a929c094a89f1bee268ae421) Importer(815301076,1909f56bfc062723c751e8b465ee728b)
Start importing Assets/Prototype/JangSijin/PlayerController.cs using Guid(4c9f5e44a929c094a89f1bee268ae421) Importer(815301076,1909f56bfc062723c751e8b465ee728b)  -> (artifact id: '20ec618200af050273534b526804f93c') in 0.005939 seconds 
========================================================================
Received Prepare
Registering precompiled user dll's ...
Registered in 0.001761 seconds.
Begin MonoManager ReloadAssembly
Native extension for WindowsStandalone target not found
Refreshing native plugins compatible for Editor in 0.44 ms, found 0 plugins.
Preloading 0 native plugins for Editor in 0.00 ms.
Mono: successfully reloaded assembly
- Completed reload, in  1.133 seconds
Platform modules already initialized, skipping
Shader 'Universal Render Pipeline/Particles/Lit': fallback shader 'Universal Render Pipeline/Particles/SimpleLit' not found
Refreshing native plugins compatible for Editor in 0.45 ms, found 0 plugins.
Preloading 0 native plugins for Editor in 0.00 ms.
Unloading 2489 Unused Serialized files (Serialized files now loaded: 0)
System memory in use before: 166.2 MB.
System memory in use after: 166.3 MB.

Unloading 6 unused Assets to reduce memory usage. Loaded Objects now: 3480.
Total: 3.875700 ms (FindLiveObjects: 0.347200 ms CreateObjectMapping: 0.129800 ms MarkObjects: 3.175400 ms  DeleteObjects: 0.220700 ms)

========================================================================
Received Import Request.
  Time since last request: 18.348814 seconds.
  path: Assets/Prototype/JangSijin/PlayerController.cs
  artifactKey: Guid(4c9f5e44a929c094a89f1bee268ae421) Importer(815301076,1909f56bfc062723c751e8b465ee728b)
Start importing Assets/Prototype/JangSijin/PlayerController.cs using Guid(4c9f5e44a929c094a89f1bee268ae421) Importer(815301076,1909f56bfc062723c751e8b465ee728b)  -> (artifact id: '7bf39eeeb1b42ee83628cb4915ffba65') in 0.007084 seconds 
========================================================================
Received Prepare
Registering precompiled user dll's ...
Registered in 0.001303 seconds.
Begin MonoManager ReloadAssembly
Native extension for WindowsStandalone target not found
Refreshing native plugins compatible for Editor in 0.43 ms, found 0 plugins.
Preloading 0 native plugins for Editor in 0.00 ms.
Mono: successfully reloaded assembly
- Completed reload, in  1.119 seconds
Platform modules already initialized, skipping
Shader 'Universal Render Pipeline/Particles/Lit': fallback shader 'Universal Render Pipeline/Particles/SimpleLit' not found
Refreshing native plugins compatible for Editor in 0.46 ms, found 0 plugins.
Preloading 0 native plugins for Editor in 0.00 ms.
Unloading 2489 Unused Serialized files (Serialized files now loaded: 0)
System memory in use before: 166.2 MB.
System memory in use after: 166.3 MB.

Unloading 6 unused Assets to reduce memory usage. Loaded Objects now: 3483.
Total: 3.358300 ms (FindLiveObjects: 0.332500 ms CreateObjectMapping: 0.130800 ms MarkObjects: 2.728900 ms  DeleteObjects: 0.162700 ms)

========================================================================
Received Import Request.
  Time since last request: 25.411180 seconds.
  path: Assets/Prototype/JangSijin/PlayerController.cs
  artifactKey: Guid(4c9f5e44a929c094a89f1bee268ae421) Importer(815301076,1909f56bfc062723c751e8b465ee728b)
Start importing Assets/Prototype/JangSijin/PlayerController.cs using Guid(4c9f5e44a929c094a89f1bee268ae421) Importer(815301076,1909f56bfc062723c751e8b465ee728b)  -> (artifact id: 'de8b076ac39c449ee7a7e62bb51f5364') in 0.006545 seconds 
========================================================================
Received Prepare
Registering precompiled user dll's ...
Registered in 0.001187 seconds.
Begin MonoManager ReloadAssembly
Native extension for WindowsStandalone target not found
Refreshing native plugins compatible for Editor in 0.48 ms, found 0 plugins.
Preloading 0 native plugins for Editor in 0.00 ms.
Mono: successfully reloaded assembly
- Completed reload, in  1.186 seconds
Platform modules already initialized, skipping
Shader 'Universal Render Pipeline/Particles/Lit': fallback shader 'Universal Render Pipeline/Particles/SimpleLit' not found
Refreshing native plugins compatible for Editor in 0.47 ms, found 0 plugins.
Preloading 0 native plugins for Editor in 0.00 ms.
Unloading 2489 Unused Serialized files (Serialized files now loaded: 0)
System memory in use before: 166.2 MB.
System memory in use after: 166.3 MB.

Unloading 6 unused Assets to reduce memory usage. Loaded Objects now: 3486.
Total: 2.791100 ms (FindLiveObjects: 0.366100 ms CreateObjectMapping: 0.121800 ms MarkObjects: 2.186100 ms  DeleteObjects: 0.115800 ms)

========================================================================
Received Import Request.
  Time since last request: 17.458082 seconds.
  path: Assets/Prototype/JangSijin/PlayerController.cs
  artifactKey: Guid(4c9f5e44a929c094a89f1bee268ae421) Importer(815301076,1909f56bfc062723c751e8b465ee728b)
Start importing Assets/Prototype/JangSijin/PlayerController.cs using Guid(4c9f5e44a929c094a89f1bee268ae421) Importer(815301076,1909f56bfc062723c751e8b465ee728b)  -> (artifact id: '844fbbf1ad047ab9588b7b16d6b34706') in 0.006429 seconds 
========================================================================
Received Prepare
Registering precompiled user dll's ...
Registered in 0.002042 seconds.
Begin MonoManager ReloadAssembly
Native extension for WindowsStandalone target not found
Refreshing native plugins compatible for Editor in 0.46 ms, found 0 plugins.
Preloading 0 native plugins for Editor in 0.00 ms.
Mono: successfully reloaded assembly
- Completed reload, in  1.209 seconds
Platform modules already initialized, skipping
Shader 'Universal Render Pipeline/Particles/Lit': fallback shader 'Universal Render Pipeline/Particles/SimpleLit' not found
Refreshing native plugins compatible for Editor in 0.45 ms, found 0 plugins.
Preloading 0 native plugins for Editor in 0.00 ms.
Unloading 2489 Unused Serialized files (Serialized files now loaded: 0)
System memory in use before: 166.2 MB.
System memory in use after: 166.3 MB.

Unloading 6 unused Assets to reduce memory usage. Loaded Objects now: 3489.
Total: 3.251700 ms (FindLiveObjects: 0.371300 ms CreateObjectMapping: 0.134800 ms MarkObjects: 2.608000 ms  DeleteObjects: 0.136600 ms)

========================================================================
Received Import Request.
  Time since last request: 24.690815 seconds.
  path: Assets/Prototype/JangSijin/PlayerController.cs
  artifactKey: Guid(4c9f5e44a929c094a89f1bee268ae421) Importer(815301076,1909f56bfc062723c751e8b465ee728b)
Start importing Assets/Prototype/JangSijin/PlayerController.cs using Guid(4c9f5e44a929c094a89f1bee268ae421) Importer(815301076,1909f56bfc062723c751e8b465ee728b)  -> (artifact id: '8feee9809cdbc784dcfdb8b7dc369c67') in 0.010170 seconds 
========================================================================
Received Prepare
Registering precompiled user dll's ...
Registered in 0.001644 seconds.
Begin MonoManager ReloadAssembly
Native extension for WindowsStandalone target not found
Refreshing native plugins compatible for Editor in 0.44 ms, found 0 plugins.
Preloading 0 native plugins for Editor in 0.00 ms.
Mono: successfully reloaded assembly
- Completed reload, in  1.167 seconds
Platform modules already initialized, skipping
Shader 'Universal Render Pipeline/Particles/Lit': fallback shader 'Universal Render Pipeline/Particles/SimpleLit' not found
Refreshing native plugins compatible for Editor in 0.68 ms, found 0 plugins.
Preloading 0 native plugins for Editor in 0.00 ms.
Unloading 2489 Unused Serialized files (Serialized files now loaded: 0)
System memory in use before: 166.1 MB.
System memory in use after: 166.2 MB.

Unloading 6 unused Assets to reduce memory usage. Loaded Objects now: 3492.
Total: 5.219400 ms (FindLiveObjects: 0.699000 ms CreateObjectMapping: 0.416600 ms MarkObjects: 3.988200 ms  DeleteObjects: 0.112900 ms)

========================================================================
Received Prepare
Registering precompiled user dll's ...
Registered in 0.001123 seconds.
Begin MonoManager ReloadAssembly
Native extension for WindowsStandalone target not found
Refreshing native plugins compatible for Editor in 0.44 ms, found 0 plugins.
Preloading 0 native plugins for Editor in 0.00 ms.
Mono: successfully reloaded assembly
- Completed reload, in  1.137 seconds
Platform modules already initialized, skipping
Shader 'Universal Render Pipeline/Particles/Lit': fallback shader 'Universal Render Pipeline/Particles/SimpleLit' not found
Refreshing native plugins compatible for Editor in 0.49 ms, found 0 plugins.
Preloading 0 native plugins for Editor in 0.00 ms.
Unloading 2489 Unused Serialized files (Serialized files now loaded: 0)
System memory in use before: 166.3 MB.
System memory in use after: 166.4 MB.

Unloading 6 unused Assets to reduce memory usage. Loaded Objects now: 3495.
Total: 3.403400 ms (FindLiveObjects: 0.404400 ms CreateObjectMapping: 0.134600 ms MarkObjects: 2.749400 ms  DeleteObjects: 0.113800 ms)

========================================================================
Received Prepare
Registering precompiled user dll's ...
Registered in 0.001461 seconds.
Begin MonoManager ReloadAssembly
Native extension for WindowsStandalone target not found
Refreshing native plugins compatible for Editor in 0.63 ms, found 0 plugins.
Preloading 0 native plugins for Editor in 0.00 ms.
Mono: successfully reloaded assembly
- Completed reload, in  1.199 seconds
Platform modules already initialized, skipping
Shader 'Universal Render Pipeline/Particles/Lit': fallback shader 'Universal Render Pipeline/Particles/SimpleLit' not found
Refreshing native plugins compatible for Editor in 1.07 ms, found 0 plugins.
Preloading 0 native plugins for Editor in 0.00 ms.
Unloading 2489 Unused Serialized files (Serialized files now loaded: 0)
System memory in use before: 166.3 MB.
System memory in use after: 166.5 MB.

Unloading 6 unused Assets to reduce memory usage. Loaded Objects now: 3498.
Total: 3.343900 ms (FindLiveObjects: 0.415600 ms CreateObjectMapping: 0.143500 ms MarkObjects: 2.658900 ms  DeleteObjects: 0.124300 ms)

========================================================================
Received Prepare
Registering precompiled user dll's ...
Registered in 0.001232 seconds.
Begin MonoManager ReloadAssembly
Native extension for WindowsStandalone target not found
Refreshing native plugins compatible for Editor in 0.43 ms, found 0 plugins.
Preloading 0 native plugins for Editor in 0.00 ms.
Mono: successfully reloaded assembly
- Completed reload, in  1.294 seconds
Platform modules already initialized, skipping
Shader 'Universal Render Pipeline/Particles/Lit': fallback shader 'Universal Render Pipeline/Particles/SimpleLit' not found
Refreshing native plugins compatible for Editor in 0.47 ms, found 0 plugins.
Preloading 0 native plugins for Editor in 0.00 ms.
Unloading 2489 Unused Serialized files (Serialized files now loaded: 0)
System memory in use before: 166.3 MB.
System memory in use after: 166.5 MB.

Unloading 6 unused Assets to reduce memory usage. Loaded Objects now: 3501.
Total: 2.495900 ms (FindLiveObjects: 0.285100 ms CreateObjectMapping: 0.124800 ms MarkObjects: 1.977600 ms  DeleteObjects: 0.107500 ms)

========================================================================
Received Prepare
Registering precompiled user dll's ...
Registered in 0.001211 seconds.
Begin MonoManager ReloadAssembly
Native extension for WindowsStandalone target not found
Refreshing native plugins compatible for Editor in 0.51 ms, found 0 plugins.
Preloading 0 native plugins for Editor in 0.00 ms.
Mono: successfully reloaded assembly
- Completed reload, in  1.168 seconds
Platform modules already initialized, skipping
Shader 'Universal Render Pipeline/Particles/Lit': fallback shader 'Universal Render Pipeline/Particles/SimpleLit' not found
Refreshing native plugins compatible for Editor in 0.60 ms, found 0 plugins.
Preloading 0 native plugins for Editor in 0.00 ms.
Unloading 2489 Unused Serialized files (Serialized files now loaded: 0)
System memory in use before: 166.3 MB.
System memory in use after: 166.5 MB.

Unloading 6 unused Assets to reduce memory usage. Loaded Objects now: 3504.
Total: 3.089500 ms (FindLiveObjects: 0.469600 ms CreateObjectMapping: 0.193900 ms MarkObjects: 2.304900 ms  DeleteObjects: 0.120100 ms)

========================================================================
Received Prepare
Registering precompiled user dll's ...
Registered in 0.001511 seconds.
Begin MonoManager ReloadAssembly
Native extension for WindowsStandalone target not found
Refreshing native plugins compatible for Editor in 0.44 ms, found 0 plugins.
Preloading 0 native plugins for Editor in 0.00 ms.
Mono: successfully reloaded assembly
- Completed reload, in  1.161 seconds
Platform modules already initialized, skipping
Shader 'Universal Render Pipeline/Particles/Lit': fallback shader 'Universal Render Pipeline/Particles/SimpleLit' not found
Refreshing native plugins compatible for Editor in 0.52 ms, found 0 plugins.
Preloading 0 native plugins for Editor in 0.00 ms.
Unloading 2489 Unused Serialized files (Serialized files now loaded: 0)
System memory in use before: 166.3 MB.
System memory in use after: 166.5 MB.

Unloading 6 unused Assets to reduce memory usage. Loaded Objects now: 3507.
Total: 3.118500 ms (FindLiveObjects: 0.304600 ms CreateObjectMapping: 0.128800 ms MarkObjects: 2.563700 ms  DeleteObjects: 0.120100 ms)

========================================================================
Received Prepare
Registering precompiled user dll's ...
Registered in 0.002548 seconds.
Begin MonoManager ReloadAssembly
Native extension for WindowsStandalone target not found
Refreshing native plugins compatible for Editor in 0.75 ms, found 0 plugins.
Preloading 0 native plugins for Editor in 0.00 ms.
Mono: successfully reloaded assembly
- Completed reload, in  1.331 seconds
Platform modules already initialized, skipping
Shader 'Universal Render Pipeline/Particles/Lit': fallback shader 'Universal Render Pipeline/Particles/SimpleLit' not found
Refreshing native plugins compatible for Editor in 0.52 ms, found 0 plugins.
Preloading 0 native plugins for Editor in 0.00 ms.
Unloading 2489 Unused Serialized files (Serialized files now loaded: 0)
System memory in use before: 166.4 MB.
System memory in use after: 166.6 MB.

Unloading 6 unused Assets to reduce memory usage. Loaded Objects now: 3510.
Total: 2.985400 ms (FindLiveObjects: 0.340800 ms CreateObjectMapping: 0.130500 ms MarkObjects: 2.400400 ms  DeleteObjects: 0.112400 ms)

========================================================================
Received Prepare
Registering precompiled user dll's ...
Registered in 0.001079 seconds.
Begin MonoManager ReloadAssembly
Native extension for WindowsStandalone target not found
Refreshing native plugins compatible for Editor in 0.45 ms, found 0 plugins.
Preloading 0 native plugins for Editor in 0.00 ms.
Mono: successfully reloaded assembly
- Completed reload, in  1.161 seconds
Platform modules already initialized, skipping
Shader 'Universal Render Pipeline/Particles/Lit': fallback shader 'Universal Render Pipeline/Particles/SimpleLit' not found
Refreshing native plugins compatible for Editor in 0.50 ms, found 0 plugins.
Preloading 0 native plugins for Editor in 0.00 ms.
Unloading 2489 Unused Serialized files (Serialized files now loaded: 0)
System memory in use before: 166.4 MB.
System memory in use after: 166.6 MB.

Unloading 6 unused Assets to reduce memory usage. Loaded Objects now: 3513.
Total: 3.455800 ms (FindLiveObjects: 0.439600 ms CreateObjectMapping: 0.190200 ms MarkObjects: 2.695000 ms  DeleteObjects: 0.129700 ms)

========================================================================
Received Prepare
Registering precompiled user dll's ...
Registered in 0.001182 seconds.
Begin MonoManager ReloadAssembly
Native extension for WindowsStandalone target not found
Refreshing native plugins compatible for Editor in 0.44 ms, found 0 plugins.
Preloading 0 native plugins for Editor in 0.00 ms.
Mono: successfully reloaded assembly
- Completed reload, in  1.212 seconds
Platform modules already initialized, skipping
Shader 'Universal Render Pipeline/Particles/Lit': fallback shader 'Universal Render Pipeline/Particles/SimpleLit' not found
Refreshing native plugins compatible for Editor in 0.45 ms, found 0 plugins.
Preloading 0 native plugins for Editor in 0.00 ms.
Unloading 2489 Unused Serialized files (Serialized files now loaded: 0)
System memory in use before: 166.5 MB.
System memory in use after: 166.6 MB.

Unloading 6 unused Assets to reduce memory usage. Loaded Objects now: 3516.
Total: 3.352400 ms (FindLiveObjects: 0.383600 ms CreateObjectMapping: 0.158600 ms MarkObjects: 2.689200 ms  DeleteObjects: 0.119800 ms)

========================================================================
Received Prepare
Registering precompiled user dll's ...
Registered in 0.002551 seconds.
Begin MonoManager ReloadAssembly
Native extension for WindowsStandalone target not found
Refreshing native plugins compatible for Editor in 0.47 ms, found 0 plugins.
Preloading 0 native plugins for Editor in 0.00 ms.
Mono: successfully reloaded assembly
- Completed reload, in  1.234 seconds
Platform modules already initialized, skipping
Shader 'Universal Render Pipeline/Particles/Lit': fallback shader 'Universal Render Pipeline/Particles/SimpleLit' not found
Refreshing native plugins compatible for Editor in 0.45 ms, found 0 plugins.
Preloading 0 native plugins for Editor in 0.00 ms.
Unloading 2489 Unused Serialized files (Serialized files now loaded: 0)
System memory in use before: 166.5 MB.
System memory in use after: 166.6 MB.

Unloading 6 unused Assets to reduce memory usage. Loaded Objects now: 3519.
Total: 2.965600 ms (FindLiveObjects: 0.351600 ms CreateObjectMapping: 0.121200 ms MarkObjects: 2.369400 ms  DeleteObjects: 0.122100 ms)

========================================================================
Received Prepare
Registering precompiled user dll's ...
Registered in 0.001117 seconds.
Begin MonoManager ReloadAssembly
Native extension for WindowsStandalone target not found
Refreshing native plugins compatible for Editor in 0.54 ms, found 0 plugins.
Preloading 0 native plugins for Editor in 0.00 ms.
Mono: successfully reloaded assembly
- Completed reload, in  1.200 seconds
Platform modules already initialized, skipping
Shader 'Universal Render Pipeline/Particles/Lit': fallback shader 'Universal Render Pipeline/Particles/SimpleLit' not found
Refreshing native plugins compatible for Editor in 0.55 ms, found 0 plugins.
Preloading 0 native plugins for Editor in 0.00 ms.
Unloading 2489 Unused Serialized files (Serialized files now loaded: 0)
System memory in use before: 166.4 MB.
System memory in use after: 166.5 MB.

Unloading 6 unused Assets to reduce memory usage. Loaded Objects now: 3522.
Total: 4.384200 ms (FindLiveObjects: 0.441000 ms CreateObjectMapping: 0.192000 ms MarkObjects: 3.561500 ms  DeleteObjects: 0.188100 ms)

========================================================================
Received Prepare
Registering precompiled user dll's ...
Registered in 0.001163 seconds.
Begin MonoManager ReloadAssembly
Native extension for WindowsStandalone target not found
Refreshing native plugins compatible for Editor in 0.50 ms, found 0 plugins.
Preloading 0 native plugins for Editor in 0.00 ms.
Mono: successfully reloaded assembly
- Completed reload, in  1.546 seconds
Platform modules already initialized, skipping
Shader 'Universal Render Pipeline/Particles/Lit': fallback shader 'Universal Render Pipeline/Particles/SimpleLit' not found
Refreshing native plugins compatible for Editor in 0.45 ms, found 0 plugins.
Preloading 0 native plugins for Editor in 0.00 ms.
Unloading 2489 Unused Serialized files (Serialized files now loaded: 0)
System memory in use before: 166.5 MB.
System memory in use after: 166.6 MB.

Unloading 6 unused Assets to reduce memory usage. Loaded Objects now: 3525.
Total: 3.079500 ms (FindLiveObjects: 0.746400 ms CreateObjectMapping: 0.154000 ms MarkObjects: 2.033200 ms  DeleteObjects: 0.144800 ms)

========================================================================
Received Import Request.
  Time since last request: 310.810208 seconds.
  path: Assets/Prototype/JangSijin/Temp_Prototype.unity
  artifactKey: Guid(b05f67390ddcc154e89e860db8bf8750) Importer(815301076,1909f56bfc062723c751e8b465ee728b)
Start importing Assets/Prototype/JangSijin/Temp_Prototype.unity using Guid(b05f67390ddcc154e89e860db8bf8750) Importer(815301076,1909f56bfc062723c751e8b465ee728b)  -> (artifact id: '74d476aadb215287e9e03d1ed661ff0a') in 0.018562 seconds 
AssetImportWorkerClient::OnTransportError - code=2 error=End of file
